\BOOKMARK [0][-]{chapter*.6}{\376\377\000I\000n\000t\000r\000o\000d\000u\000c\000t\000i\000o\000n}{}% 1
\BOOKMARK [0][-]{chapter.1}{\376\377\000C\000h\000a\000p\000t\000e\000r\000\040\0001\000:\000\040\000D\000a\000t\000a\000\040\000S\000o\000u\000r\000c\000e\000s\000\040\000a\000n\000d\000\040\000N\000e\000e\000d\000s\000\040\000f\000o\000r\000\040\000A\000c\000t\000i\000v\000e\000\040\000T\000r\000a\000v\000e\000l\000-\000B\000a\000s\000e\000d\000\040\000A\000c\000c\000e\000s\000s\000i\000b\000i\000l\000i\000t\000y\000\040\000A\000n\000a\000l\000y\000s\000i\000s\000:\000\040\000A\000\040\000C\000a\000n\000a\000d\000i\000a\000n\000\040\000P\000e\000r\000s\000p\000e\000c\000t\000i\000v\000e}{}% 2
\BOOKMARK [1][-]{section.1.1}{\376\377\000A\000b\000s\000t\000r\000a\000c\000t}{chapter.1}% 3
\BOOKMARK [1][-]{section.1.2}{\376\377\000I\000n\000t\000r\000o\000d\000u\000c\000t\000i\000o\000n}{chapter.1}% 4
\BOOKMARK [1][-]{section.1.3}{\376\377\000B\000a\000c\000k\000g\000r\000o\000u\000n\000d}{chapter.1}% 5
\BOOKMARK [1][-]{section.1.4}{\376\377\000M\000e\000t\000h\000o\000d\000s\000\040\000f\000o\000r\000\040\000A\000T\000B\000\040\000a\000c\000c\000e\000s\000s\000i\000b\000i\000l\000i\000t\000y\000\040\000a\000n\000a\000l\000y\000s\000i\000s}{chapter.1}% 6
\BOOKMARK [2][-]{subsection.1.4.1}{\376\377\000A\000c\000t\000i\000v\000i\000t\000y\000-\000b\000a\000s\000e\000d\000\040\000m\000e\000a\000s\000u\000r\000e\000s}{section.1.4}% 7
\BOOKMARK [2][-]{subsection.1.4.2}{\376\377\000D\000i\000s\000t\000a\000n\000c\000e\000-\000b\000a\000s\000e\000d\000\040\000m\000e\000a\000s\000u\000r\000e\000s}{section.1.4}% 8
\BOOKMARK [2][-]{subsection.1.4.3}{\376\377\000T\000o\000p\000o\000l\000o\000g\000i\000c\000a\000l\000\040\000o\000r\000\040\000i\000n\000f\000r\000a\000s\000t\000r\000u\000c\000t\000u\000r\000e\000-\000b\000a\000s\000e\000d\000\040\000m\000e\000a\000s\000u\000r\000e\000s}{section.1.4}% 9
\BOOKMARK [2][-]{subsection.1.4.4}{\376\377\000U\000t\000i\000l\000i\000t\000y\000-\000b\000a\000s\000e\000d\000\040\000m\000e\000a\000s\000u\000r\000e\000s}{section.1.4}% 10
\BOOKMARK [2][-]{subsection.1.4.5}{\376\377\000W\000a\000l\000k\000a\000b\000i\000l\000i\000t\000y\000\040\000m\000e\000a\000s\000u\000r\000e\000s}{section.1.4}% 11
\BOOKMARK [2][-]{subsection.1.4.6}{\376\377\000B\000i\000k\000e\000a\000b\000i\000l\000i\000t\000y\000\040\000m\000e\000a\000s\000u\000r\000e\000s}{section.1.4}% 12
\BOOKMARK [1][-]{section.1.5}{\376\377\000A\000\040\000f\000r\000a\000m\000e\000w\000o\000r\000k\000\040\000f\000o\000r\000\040\000a\000s\000s\000e\000s\000s\000i\000n\000g\000\040\000d\000a\000t\000a\000\040\000s\000o\000u\000r\000c\000e\000s\000\040\000a\000n\000d\000\040\000n\000e\000e\000d\000s}{chapter.1}% 13
\BOOKMARK [1][-]{section.1.6}{\376\377\000A\000s\000s\000e\000s\000s\000i\000n\000g\000\040\000D\000a\000t\000a\000\040\000A\000v\000a\000i\000l\000a\000b\000i\000l\000i\000t\000y\000\040\000a\000n\000d\000\040\000R\000e\000q\000u\000i\000r\000e\000m\000e\000n\000t\000s\000\040\000f\000o\000r\000\040\000C\000a\000l\000c\000u\000l\000a\000t\000i\000n\000g\000\040\000A\000c\000t\000i\000v\000e\000\040\000M\000o\000d\000e\000\040\000A\000c\000c\000e\000s\000s\000i\000b\000i\000l\000i\000t\000y}{chapter.1}% 14
\BOOKMARK [1][-]{section.1.7}{\376\377\000I\000m\000p\000o\000r\000t\000a\000n\000t\000\040\000c\000o\000n\000s\000i\000d\000e\000r\000a\000t\000i\000o\000n\000s\000\040\000a\000n\000d\000\040\000p\000o\000s\000s\000i\000b\000l\000e\000\040\000c\000h\000a\000l\000l\000e\000n\000g\000e\000s}{chapter.1}% 15
\BOOKMARK [2][-]{subsection.1.7.1}{\376\377\000T\000r\000a\000v\000e\000l\000\040\000t\000i\000m\000e\000/\000d\000i\000s\000t\000a\000n\000c\000e\000\040\000t\000h\000r\000e\000s\000h\000o\000l\000d\000s}{section.1.7}% 16
\BOOKMARK [2][-]{subsection.1.7.2}{\376\377\000I\000m\000p\000e\000d\000a\000n\000c\000e\000\040\000f\000u\000n\000c\000t\000i\000o\000n\000s}{section.1.7}% 17
\BOOKMARK [2][-]{subsection.1.7.3}{\376\377\000S\000l\000o\000p\000e}{section.1.7}% 18
\BOOKMARK [2][-]{subsection.1.7.4}{\376\377\000W\000e\000a\000t\000h\000e\000r}{section.1.7}% 19
\BOOKMARK [2][-]{subsection.1.7.5}{\376\377\000L\000e\000v\000e\000l\000\040\000o\000f\000\040\000T\000r\000a\000f\000f\000i\000c\000\040\000S\000t\000r\000e\000s\000s}{section.1.7}% 20
\BOOKMARK [2][-]{subsection.1.7.6}{\376\377\000O\000r\000i\000g\000i\000n\000s\000/\000d\000e\000s\000t\000i\000n\000a\000t\000i\000o\000n\000s\000\040\000\046\000\040\000a\000p\000p\000l\000y\000i\000n\000g\000\040\000w\000e\000i\000g\000h\000t\000s}{section.1.7}% 21
\BOOKMARK [1][-]{section.1.8}{\376\377\000S\000u\000m\000m\000a\000r\000y}{chapter.1}% 22
\BOOKMARK [1][-]{section.1.9}{\376\377\000D\000i\000s\000c\000u\000s\000s\000i\000o\000n}{chapter.1}% 23
\BOOKMARK [0][-]{chapter.2}{\376\377\000C\000h\000a\000p\000t\000e\000r\000\040\0002\000:\000\040\000A\000\040\000H\000i\000s\000t\000o\000r\000i\000c\000a\000l\000\040\000A\000n\000a\000l\000y\000s\000i\000s\000\040\000o\000f\000\040\000t\000h\000e\000\040\000E\000v\000o\000l\000u\000t\000i\000o\000n\000\040\000o\000f\000\040\000A\000c\000t\000i\000v\000e\000\040\000T\000r\000a\000v\000e\000l\000\040\000B\000e\000h\000a\000v\000i\000o\000u\000r\000\040\000i\000n\000\040\000C\000a\000n\000a\000d\000a}{}% 24
\BOOKMARK [1][-]{section.2.1}{\376\377\000A\000b\000s\000t\000r\000a\000c\000t}{chapter.2}% 25
\BOOKMARK [1][-]{section.2.2}{\376\377\000I\000n\000t\000r\000o\000d\000u\000c\000t\000i\000o\000n}{chapter.2}% 26
\BOOKMARK [1][-]{section.2.3}{\376\377\000B\000a\000c\000k\000g\000r\000o\000u\000n\000d}{chapter.2}% 27
\BOOKMARK [1][-]{section.2.4}{\376\377\000M\000a\000t\000e\000r\000i\000a\000l\000s\000\040\000a\000n\000d\000\040\000M\000e\000t\000h\000o\000d\000s}{chapter.2}% 28
\BOOKMARK [2][-]{subsection.2.4.1}{\376\377\000T\000h\000e\000\040\000G\000S\000S\000\040\000s\000u\000r\000v\000e\000y}{section.2.4}% 29
\BOOKMARK [2][-]{subsection.2.4.2}{\376\377\000E\000s\000t\000i\000m\000a\000t\000i\000n\000g\000\040\000i\000m\000p\000e\000d\000a\000n\000c\000e\000\040\000f\000u\000n\000c\000t\000i\000o\000n\000\040\000p\000a\000r\000a\000m\000e\000t\000e\000r\000s}{section.2.4}% 30
\BOOKMARK [1][-]{section.2.5}{\376\377\000R\000e\000s\000u\000l\000t\000s\000\040\000a\000n\000d\000\040\000d\000i\000s\000c\000u\000s\000i\000o\000n}{chapter.2}% 31
\BOOKMARK [2][-]{subsection.2.5.1}{\376\377\000D\000e\000s\000c\000r\000i\000p\000t\000i\000v\000e\000\040\000a\000n\000a\000l\000y\000s\000i\000s\000\040\000o\000f\000\040\000w\000a\000l\000k\000i\000n\000g\000\040\000a\000n\000d\000\040\000c\000y\000c\000l\000i\000n\000g\000\040\000t\000r\000i\000p\000s\000\040\000f\000r\000o\000m\000\040\0001\0009\0008\0006\000\040\000t\000o\000\040\0002\0000\0001\0005}{section.2.5}% 32
\BOOKMARK [2][-]{subsection.2.5.2}{\376\377\000I\000m\000p\000e\000d\000a\000n\000c\000e\000\040\000f\000u\000n\000c\000t\000i\000o\000n\000\040\000a\000n\000a\000l\000y\000s\000i\000s}{section.2.5}% 33
\BOOKMARK [0][-]{chapter*.41}{\376\377\000C\000o\000n\000c\000l\000u\000s\000i\000o\000n}{}% 34
\BOOKMARK [0][-]{chapter*.42}{\376\377\000R\000e\000f\000e\000r\000e\000n\000c\000e\000s}{}% 35
