This is pdfTeX, Version 3.141592653-2.6-1.40.26 (TeX Live 2024) (preloaded format=pdflatex 2024.4.19)  19 APR 2024 21:20
entering extended mode
 restricted \write18 enabled.
 %&-line parsing enabled.
**thesis.tex
(./thesis.tex
LaTeX2e <2023-11-01> patch level 1
L3 programming layer <2024-03-14>
(./macthesis.cls
Document Class: macthesis 2015/11/23 v2.2 LaTeX document class
(c:/Users/user/AppData/Roaming/TinyTeX/texmf-dist/tex/latex/etoolbox/etoolbox.sty
Package: etoolbox 2020/10/05 v2.5k e-TeX tools for LaTeX (JAW)
\etb@tempcnta=\count188
) (c:/Users/user/AppData/Roaming/TinyTeX/texmf-dist/tex/latex/l3packages/xparse/xparse.sty (c:/Users/user/AppData/Roaming/TinyTeX/texmf-dist/tex/latex/l3kernel/expl3.sty
Package: expl3 2024-03-14 L3 programming layer (loader) 
(c:/Users/user/AppData/Roaming/TinyTeX/texmf-dist/tex/latex/l3backend/l3backend-pdftex.def
File: l3backend-pdftex.def 2024-03-14 L3 backend support: PDF output (pdfTeX)
\l__color_backend_stack_int=\count189
\l__pdf_internal_box=\box51
))
Package: xparse 2024-03-14 L3 Experimental document command parser
) (c:/Users/user/AppData/Roaming/TinyTeX/texmf-dist/tex/latex/base/book.cls
Document Class: book 2023/05/17 v1.4n Standard LaTeX document class
(c:/Users/user/AppData/Roaming/TinyTeX/texmf-dist/tex/latex/base/bk11.clo
File: bk11.clo 2023/05/17 v1.4n Standard LaTeX file (size option)
)
\c@part=\count190
\c@chapter=\count191
\c@section=\count192
\c@subsection=\count193
\c@subsubsection=\count194
\c@paragraph=\count195
\c@subparagraph=\count196
\c@figure=\count197
\c@table=\count198
\abovecaptionskip=\skip48
\belowcaptionskip=\skip49
\bibindent=\dimen140
) (c:/Users/user/AppData/Roaming/TinyTeX/texmf-dist/tex/generic/babel/babel.sty
Package: babel 2024/03/29 v24.3 The Babel package
\babel@savecnt=\count199
\U@D=\dimen141
\l@unhyphenated=\language5
(c:/Users/user/AppData/Roaming/TinyTeX/texmf-dist/tex/generic/babel/txtbabel.def)
\bbl@readstream=\read2
\bbl@dirlevel=\count266
Package babel Info: You haven't specified a language as a class or package
(babel)             option. I'll load 'nil'. Reported on input line 4267.
(c:/Users/user/AppData/Roaming/TinyTeX/texmf-dist/tex/generic/babel/nil.ldf
Language: nil 2024/03/29 v24.3 Nil language
\l@nil=\language6
)) (c:/Users/user/AppData/Roaming/TinyTeX/texmf-dist/tex/latex/koma-script/scrbase.sty
Package: scrbase 2023/07/07 v3.41 KOMA-Script package (KOMA-Script-independent basics and keyval usage)
(c:/Users/user/AppData/Roaming/TinyTeX/texmf-dist/tex/latex/koma-script/scrlfile.sty
Package: scrlfile 2023/07/07 v3.41 KOMA-Script package (file load hooks)
(c:/Users/user/AppData/Roaming/TinyTeX/texmf-dist/tex/latex/koma-script/scrlfile-hook.sty
Package: scrlfile-hook 2023/07/07 v3.41 KOMA-Script package (using LaTeX hooks)
(c:/Users/user/AppData/Roaming/TinyTeX/texmf-dist/tex/latex/koma-script/scrlogo.sty
Package: scrlogo 2023/07/07 v3.41 KOMA-Script package (logo)
))) (c:/Users/user/AppData/Roaming/TinyTeX/texmf-dist/tex/latex/graphics/keyval.sty
Package: keyval 2022/05/29 v1.15 key=value parser (DPC)
\KV@toks@=\toks17
)
Applying: [2021/05/01] Usage of raw or classic option list on input line 252.
Already applied: [0000/00/00] Usage of raw or classic option list on input line 368.
) (c:/Users/user/AppData/Roaming/TinyTeX/texmf-dist/tex/latex/koma-script/scrhack.sty
Package: scrhack 2023/07/07 v3.41 KOMA-Script package (hacking other packages)
(c:/Users/user/AppData/Roaming/TinyTeX/texmf-dist/tex/latex/koma-script/scrkbase.sty
Package: scrkbase 2023/07/07 v3.41 KOMA-Script package (KOMA-Script-dependent basics and keyval usage)
) (c:/Users/user/AppData/Roaming/TinyTeX/texmf-dist/tex/latex/xpatch/xpatch.sty
Package: xpatch 2020/03/25 v0.3a Extending etoolbox patching commands
)) (c:/Users/user/AppData/Roaming/TinyTeX/texmf-dist/tex/latex/setspace/setspace.sty
Package: setspace 2022/12/04 v6.7b set line spacing
)
Package scrhack Info: loading setspace hack on input line 140.
(c:/Users/user/AppData/Roaming/TinyTeX/texmf-dist/tex/latex/koma-script/setspace.hak
File: setspace.hak 2023/07/07 v3.41 KOMA-Script scrhack part (hacking package setspace)
) (c:/Users/user/AppData/Roaming/TinyTeX/texmf-dist/tex/latex/tools/longtable.sty
Package: longtable 2023-11-01 v4.19 Multi-page Table package (DPC)
\LTleft=\skip50
\LTright=\skip51
\LTpre=\skip52
\LTpost=\skip53
\LTchunksize=\count267
\LTcapwidth=\dimen142
\LT@head=\box52
\LT@firsthead=\box53
\LT@foot=\box54
\LT@lastfoot=\box55
\LT@gbox=\box56
\LT@cols=\count268
\LT@rows=\count269
\c@LT@tables=\count270
\c@LT@chunks=\count271
\LT@p@ftn=\toks18
) (c:/Users/user/AppData/Roaming/TinyTeX/texmf-dist/tex/latex/siunitx/siunitx.sty
Package: siunitx 2024-04-15 v3.3.14 A comprehensive (SI) units package
\l__siunitx_number_uncert_offset_int=\count272
\l__siunitx_number_exponent_fixed_int=\count273
\l__siunitx_number_min_decimal_int=\count274
\l__siunitx_number_min_integer_int=\count275
\l__siunitx_number_round_precision_int=\count276
\l__siunitx_number_lower_threshold_int=\count277
\l__siunitx_number_upper_threshold_int=\count278
\l__siunitx_number_group_first_int=\count279
\l__siunitx_number_group_size_int=\count280
\l__siunitx_number_group_minimum_int=\count281
\l__siunitx_angle_tmp_dim=\dimen143
\l__siunitx_angle_marker_box=\box57
\l__siunitx_angle_unit_box=\box58
\l__siunitx_compound_count_int=\count282
(c:/Users/user/AppData/Roaming/TinyTeX/texmf-dist/tex/latex/translations/translations.sty
Package: translations 2022/02/05 v1.12 internationalization of LaTeX2e packages (CN)
(c:/Users/user/AppData/Roaming/TinyTeX/texmf-dist/tex/generic/pdftexcmds/pdftexcmds.sty
Package: pdftexcmds 2020-06-27 v0.33 Utility functions of pdfTeX for LuaTeX (HO)
(c:/Users/user/AppData/Roaming/TinyTeX/texmf-dist/tex/generic/infwarerr/infwarerr.sty
Package: infwarerr 2019/12/03 v1.5 Providing info/warning/error messages (HO)
) (c:/Users/user/AppData/Roaming/TinyTeX/texmf-dist/tex/generic/iftex/iftex.sty
Package: iftex 2022/02/03 v1.0f TeX engine tests
) (c:/Users/user/AppData/Roaming/TinyTeX/texmf-dist/tex/generic/ltxcmds/ltxcmds.sty
Package: ltxcmds 2023-12-04 v1.26 LaTeX kernel commands for general use (HO)
)
Package pdftexcmds Info: \pdf@primitive is available.
Package pdftexcmds Info: \pdf@ifprimitive is available.
Package pdftexcmds Info: \pdfdraftmode found.
)) (c:/Users/user/AppData/Roaming/TinyTeX/texmf-dist/tex/latex/amsmath/amstext.sty
Package: amstext 2021/08/26 v2.01 AMS text
(c:/Users/user/AppData/Roaming/TinyTeX/texmf-dist/tex/latex/amsmath/amsgen.sty
File: amsgen.sty 1999/11/30 v2.0 generic functions
\@emptytoks=\toks19
\ex@=\dimen144
))
\l__siunitx_table_tmp_box=\box59
\l__siunitx_table_tmp_dim=\dimen145
\l__siunitx_table_column_width_dim=\dimen146
\l__siunitx_table_integer_box=\box60
\l__siunitx_table_decimal_box=\box61
\l__siunitx_table_uncert_box=\box62
\l__siunitx_table_before_box=\box63
\l__siunitx_table_after_box=\box64
\l__siunitx_table_before_dim=\dimen147
\l__siunitx_table_carry_dim=\dimen148
\l__siunitx_unit_tmp_int=\count283
\l__siunitx_unit_position_int=\count284
\l__siunitx_unit_total_int=\count285
(c:/Users/user/AppData/Roaming/TinyTeX/texmf-dist/tex/latex/tools/array.sty
Package: array 2023/10/16 v2.5g Tabular extension package (FMi)
\col@sep=\dimen149
\ar@mcellbox=\box65
\extrarowheight=\dimen150
\NC@list=\toks20
\extratabsurround=\skip54
\backup@length=\skip55
\ar@cellbox=\box66
)) (c:/Users/user/AppData/Roaming/TinyTeX/texmf-dist/tex/latex/graphics/graphicx.sty
Package: graphicx 2021/09/16 v1.2d Enhanced LaTeX Graphics (DPC,SPQR)
(c:/Users/user/AppData/Roaming/TinyTeX/texmf-dist/tex/latex/graphics/graphics.sty
Package: graphics 2022/03/10 v1.4e Standard LaTeX Graphics (DPC,SPQR)
(c:/Users/user/AppData/Roaming/TinyTeX/texmf-dist/tex/latex/graphics/trig.sty
Package: trig 2021/08/11 v1.11 sin cos tan (DPC)
) (c:/Users/user/AppData/Roaming/TinyTeX/texmf-dist/tex/latex/graphics-cfg/graphics.cfg
File: graphics.cfg 2016/06/04 v1.11 sample graphics configuration
)
Package graphics Info: Driver file: pdftex.def on input line 107.
(c:/Users/user/AppData/Roaming/TinyTeX/texmf-dist/tex/latex/graphics-def/pdftex.def
File: pdftex.def 2024/04/13 v1.2c Graphics/color driver for pdftex
))
\Gin@req@height=\dimen151
\Gin@req@width=\dimen152
) (c:/Users/user/AppData/Roaming/TinyTeX/texmf-dist/tex/latex/booktabs/booktabs.sty
Package: booktabs 2020/01/12 v1.61803398 Publication quality tables
\heavyrulewidth=\dimen153
\lightrulewidth=\dimen154
\cmidrulewidth=\dimen155
\belowrulesep=\dimen156
\belowbottomsep=\dimen157
\aboverulesep=\dimen158
\abovetopsep=\dimen159
\cmidrulesep=\dimen160
\cmidrulekern=\dimen161
\defaultaddspace=\dimen162
\@cmidla=\count286
\@cmidlb=\count287
\@aboverulesep=\dimen163
\@belowrulesep=\dimen164
\@thisruleclass=\count288
\@lastruleclass=\count289
\@thisrulewidth=\dimen165
) (c:/Users/user/AppData/Roaming/TinyTeX/texmf-dist/tex/latex/caption/caption.sty
Package: caption 2023/08/05 v3.6o Customizing captions (AR)
(c:/Users/user/AppData/Roaming/TinyTeX/texmf-dist/tex/latex/caption/caption3.sty
Package: caption3 2023/07/31 v2.4d caption3 kernel (AR)
\caption@tempdima=\dimen166
\captionmargin=\dimen167
\caption@leftmargin=\dimen168
\caption@rightmargin=\dimen169
\caption@width=\dimen170
\caption@indent=\dimen171
\caption@parindent=\dimen172
\caption@hangindent=\dimen173
Package caption Info: Standard document class detected.
)
\c@caption@flags=\count290
\c@continuedfloat=\count291
Package caption Info: longtable package is loaded.
(c:/Users/user/AppData/Roaming/TinyTeX/texmf-dist/tex/latex/caption/ltcaption.sty
Package: ltcaption 2021/01/08 v1.4c longtable captions (AR)
)) (c:/Users/user/AppData/Roaming/TinyTeX/texmf-dist/tex/latex/geometry/geometry.sty
Package: geometry 2020/01/02 v5.9 Page Geometry
(c:/Users/user/AppData/Roaming/TinyTeX/texmf-dist/tex/generic/iftex/ifvtex.sty
Package: ifvtex 2019/10/25 v1.7 ifvtex legacy package. Use iftex instead.
)
\Gm@cnth=\count292
\Gm@cntv=\count293
\c@Gm@tempcnt=\count294
\Gm@bindingoffset=\dimen174
\Gm@wd@mp=\dimen175
\Gm@odd@mp=\dimen176
\Gm@even@mp=\dimen177
\Gm@layoutwidth=\dimen178
\Gm@layoutheight=\dimen179
\Gm@layouthoffset=\dimen180
\Gm@layoutvoffset=\dimen181
\Gm@dimlist=\toks21
) (c:/Users/user/AppData/Roaming/TinyTeX/texmf-dist/tex/latex/fancyhdr/fancyhdr.sty
Package: fancyhdr 2022/11/09 v4.1 Extensive control of page headers and footers
\f@nch@headwidth=\skip56
\f@nch@O@elh=\skip57
\f@nch@O@erh=\skip58
\f@nch@O@olh=\skip59
\f@nch@O@orh=\skip60
\f@nch@O@elf=\skip61
\f@nch@O@erf=\skip62
\f@nch@O@olf=\skip63
\f@nch@O@orf=\skip64
) (c:/Users/user/AppData/Roaming/TinyTeX/texmf-dist/tex/latex/hyperref/hyperref.sty
Package: hyperref 2024-01-20 v7.01h Hypertext links for LaTeX
(c:/Users/user/AppData/Roaming/TinyTeX/texmf-dist/tex/latex/kvsetkeys/kvsetkeys.sty
Package: kvsetkeys 2022-10-05 v1.19 Key value parser (HO)
) (c:/Users/user/AppData/Roaming/TinyTeX/texmf-dist/tex/generic/kvdefinekeys/kvdefinekeys.sty
Package: kvdefinekeys 2019-12-19 v1.6 Define keys (HO)
) (c:/Users/user/AppData/Roaming/TinyTeX/texmf-dist/tex/generic/pdfescape/pdfescape.sty
Package: pdfescape 2019/12/09 v1.15 Implements pdfTeX's escape features (HO)
) (c:/Users/user/AppData/Roaming/TinyTeX/texmf-dist/tex/latex/hycolor/hycolor.sty
Package: hycolor 2020-01-27 v1.10 Color options for hyperref/bookmark (HO)
) (c:/Users/user/AppData/Roaming/TinyTeX/texmf-dist/tex/latex/auxhook/auxhook.sty
Package: auxhook 2019-12-17 v1.6 Hooks for auxiliary files (HO)
) (c:/Users/user/AppData/Roaming/TinyTeX/texmf-dist/tex/latex/hyperref/nameref.sty
Package: nameref 2023-11-26 v2.56 Cross-referencing by name of section
(c:/Users/user/AppData/Roaming/TinyTeX/texmf-dist/tex/latex/refcount/refcount.sty
Package: refcount 2019/12/15 v3.6 Data extraction from label references (HO)
) (c:/Users/user/AppData/Roaming/TinyTeX/texmf-dist/tex/generic/gettitlestring/gettitlestring.sty
Package: gettitlestring 2019/12/15 v1.6 Cleanup title references (HO)
(c:/Users/user/AppData/Roaming/TinyTeX/texmf-dist/tex/latex/kvoptions/kvoptions.sty
Package: kvoptions 2022-06-15 v3.15 Key value format for package options (HO)
))
\c@section@level=\count295
)
\@linkdim=\dimen182
\Hy@linkcounter=\count296
\Hy@pagecounter=\count297
(c:/Users/user/AppData/Roaming/TinyTeX/texmf-dist/tex/latex/hyperref/pd1enc.def
File: pd1enc.def 2024-01-20 v7.01h Hyperref: PDFDocEncoding definition (HO)
Now handling font encoding PD1 ...
... no UTF-8 mapping file for font encoding PD1
) (c:/Users/user/AppData/Roaming/TinyTeX/texmf-dist/tex/generic/intcalc/intcalc.sty
Package: intcalc 2019/12/15 v1.3 Expandable calculations with integers (HO)
)
\Hy@SavedSpaceFactor=\count298
(c:/Users/user/AppData/Roaming/TinyTeX/texmf-dist/tex/latex/hyperref/puenc.def
File: puenc.def 2024-01-20 v7.01h Hyperref: PDF Unicode definition (HO)
Now handling font encoding PU ...
... no UTF-8 mapping file for font encoding PU
)
Package hyperref Info: Hyper figures OFF on input line 4179.
Package hyperref Info: Link nesting OFF on input line 4184.
Package hyperref Info: Hyper index ON on input line 4187.
Package hyperref Info: Plain pages OFF on input line 4194.
Package hyperref Info: Backreferencing OFF on input line 4199.
Package hyperref Info: Implicit mode ON; LaTeX internals redefined.
Package hyperref Info: Bookmarks ON on input line 4446.
\c@Hy@tempcnt=\count299
(c:/Users/user/AppData/Roaming/TinyTeX/texmf-dist/tex/latex/url/url.sty
\Urlmuskip=\muskip16
Package: url 2013/09/16  ver 3.4  Verb mode for urls, etc.
)
LaTeX Info: Redefining \url on input line 4784.
\XeTeXLinkMargin=\dimen183
(c:/Users/user/AppData/Roaming/TinyTeX/texmf-dist/tex/generic/bitset/bitset.sty
Package: bitset 2019/12/09 v1.3 Handle bit-vector datatype (HO)
(c:/Users/user/AppData/Roaming/TinyTeX/texmf-dist/tex/generic/bigintcalc/bigintcalc.sty
Package: bigintcalc 2019/12/15 v1.5 Expandable calculations on big integers (HO)
))
\Fld@menulength=\count300
\Field@Width=\dimen184
\Fld@charsize=\dimen185
Package hyperref Info: Hyper figures OFF on input line 6063.
Package hyperref Info: Link nesting OFF on input line 6068.
Package hyperref Info: Hyper index ON on input line 6071.
Package hyperref Info: backreferencing OFF on input line 6078.
Package hyperref Info: Link coloring OFF on input line 6083.
Package hyperref Info: Link coloring with OCG OFF on input line 6088.
Package hyperref Info: PDF/A mode OFF on input line 6093.
(c:/Users/user/AppData/Roaming/TinyTeX/texmf-dist/tex/latex/base/atbegshi-ltx.sty
Package: atbegshi-ltx 2021/01/10 v1.0c Emulation of the original atbegshi
package with kernel methods
)
\Hy@abspage=\count301
\c@Item=\count302
\c@Hfootnote=\count303
)
Package scrhack Info: hyperref hack deactivated because of
(scrhack)             detection of hyperref version, that doesn't
(scrhack)             need that hack, on input line 421.
Package hyperref Info: Driver (autodetected): hpdftex.
(c:/Users/user/AppData/Roaming/TinyTeX/texmf-dist/tex/latex/hyperref/hpdftex.def
File: hpdftex.def 2024-01-20 v7.01h Hyperref driver for pdfTeX
(c:/Users/user/AppData/Roaming/TinyTeX/texmf-dist/tex/latex/base/atveryend-ltx.sty
Package: atveryend-ltx 2020/08/19 v1.0a Emulation of the original atveryend package
with kernel methods
)
\Fld@listcount=\count304
\c@bookmark@seq@number=\count305
(c:/Users/user/AppData/Roaming/TinyTeX/texmf-dist/tex/latex/rerunfilecheck/rerunfilecheck.sty
Package: rerunfilecheck 2022-07-10 v1.10 Rerun checks for auxiliary files (HO)
(c:/Users/user/AppData/Roaming/TinyTeX/texmf-dist/tex/generic/uniquecounter/uniquecounter.sty
Package: uniquecounter 2019/12/15 v1.4 Provide unlimited unique counter (HO)
)
Package uniquecounter Info: New unique counter `rerunfilecheck' on input line 285.
)
\Hy@SectionHShift=\skip65
)
Package hyperref Info: Option `bookmarksopen' set `true' on input line 432.
Package hyperref Info: Option `hypertexnames' set `false' on input line 432.
Package hyperref Info: Option `colorlinks' set `true' on input line 432.
Package hyperref Info: Option `unicode' set `true' on input line 432.
Package hyperref Info: Option `breaklinks' set `true' on input line 432.
) (c:/Users/user/AppData/Roaming/TinyTeX/texmf-dist/tex/latex/base/inputenc.sty
Package: inputenc 2021/02/14 v1.3d Input encoding file
\inpenc@prehook=\toks22
\inpenc@posthook=\toks23
) (c:/Users/user/AppData/Roaming/TinyTeX/texmf-dist/tex/latex/base/fontenc.sty
Package: fontenc 2021/04/29 v2.0v Standard LaTeX package
) (c:/Users/user/AppData/Roaming/TinyTeX/texmf-dist/tex/latex/lastpage/lastpage.sty
Package: lastpage 2023/10/14 v2.0e lastpage: 2.09 or 2e? (HMM)
(c:/Users/user/AppData/Roaming/TinyTeX/texmf-dist/tex/latex/lastpage/lastpage2e.sty
Package: lastpage2e 2023/10/14 v2.0e Decide which 2e lastpage version to use (HMM)
(c:/Users/user/AppData/Roaming/TinyTeX/texmf-dist/tex/latex/lastpage/lastpagemodern.sty
Package: lastpagemodern 2023-10-14 v2.0e Refers to last page's name (HMM; JPG)
\c@lastpagecount=\count306
) 
)) (c:/Users/user/AppData/Roaming/TinyTeX/texmf-dist/tex/latex/lm/lmodern.sty
Package: lmodern 2015/05/01 v1.6.1 Latin Modern Fonts
LaTeX Font Info:    Overwriting symbol font `operators' in version `normal'
(Font)                  OT1/cmr/m/n --> OT1/lmr/m/n on input line 22.
LaTeX Font Info:    Overwriting symbol font `letters' in version `normal'
(Font)                  OML/cmm/m/it --> OML/lmm/m/it on input line 23.
LaTeX Font Info:    Overwriting symbol font `symbols' in version `normal'
(Font)                  OMS/cmsy/m/n --> OMS/lmsy/m/n on input line 24.
LaTeX Font Info:    Overwriting symbol font `largesymbols' in version `normal'
(Font)                  OMX/cmex/m/n --> OMX/lmex/m/n on input line 25.
LaTeX Font Info:    Overwriting symbol font `operators' in version `bold'
(Font)                  OT1/cmr/bx/n --> OT1/lmr/bx/n on input line 26.
LaTeX Font Info:    Overwriting symbol font `letters' in version `bold'
(Font)                  OML/cmm/b/it --> OML/lmm/b/it on input line 27.
LaTeX Font Info:    Overwriting symbol font `symbols' in version `bold'
(Font)                  OMS/cmsy/b/n --> OMS/lmsy/b/n on input line 28.
LaTeX Font Info:    Overwriting symbol font `largesymbols' in version `bold'
(Font)                  OMX/cmex/m/n --> OMX/lmex/m/n on input line 29.
LaTeX Font Info:    Overwriting math alphabet `\mathbf' in version `normal'
(Font)                  OT1/cmr/bx/n --> OT1/lmr/bx/n on input line 31.
LaTeX Font Info:    Overwriting math alphabet `\mathsf' in version `normal'
(Font)                  OT1/cmss/m/n --> OT1/lmss/m/n on input line 32.
LaTeX Font Info:    Overwriting math alphabet `\mathit' in version `normal'
(Font)                  OT1/cmr/m/it --> OT1/lmr/m/it on input line 33.
LaTeX Font Info:    Overwriting math alphabet `\mathtt' in version `normal'
(Font)                  OT1/cmtt/m/n --> OT1/lmtt/m/n on input line 34.
LaTeX Font Info:    Overwriting math alphabet `\mathbf' in version `bold'
(Font)                  OT1/cmr/bx/n --> OT1/lmr/bx/n on input line 35.
LaTeX Font Info:    Overwriting math alphabet `\mathsf' in version `bold'
(Font)                  OT1/cmss/bx/n --> OT1/lmss/bx/n on input line 36.
LaTeX Font Info:    Overwriting math alphabet `\mathit' in version `bold'
(Font)                  OT1/cmr/bx/it --> OT1/lmr/bx/it on input line 37.
LaTeX Font Info:    Overwriting math alphabet `\mathtt' in version `bold'
(Font)                  OT1/cmtt/m/n --> OT1/lmtt/m/n on input line 38.
) (c:/Users/user/AppData/Roaming/TinyTeX/texmf-dist/tex/latex/graphics/lscape.sty
Package: lscape 2020/05/28 v3.02 Landscape Pages (DPC)
)
Package scrhack Info: loading lscape hack on input line 52.
(c:/Users/user/AppData/Roaming/TinyTeX/texmf-dist/tex/latex/koma-script/lscape.hak
File: lscape.hak 2023/07/07 v3.41 KOMA-Script scrhack part (hacking package lscape)
Package scrhack Info: \landscape patched to make \textheight change optional on input line 90.
\scrh@LT@textheight=\skip66
) (c:/Users/user/AppData/Roaming/TinyTeX/texmf-dist/tex/latex/biblatex/biblatex.sty
Package: biblatex 2024/03/21 v3.20 programmable bibliographies (PK/MW)
(c:/Users/user/AppData/Roaming/TinyTeX/texmf-dist/tex/latex/logreq/logreq.sty
Package: logreq 2010/08/04 v1.0 xml request logger
\lrq@indent=\count307
(c:/Users/user/AppData/Roaming/TinyTeX/texmf-dist/tex/latex/logreq/logreq.def
File: logreq.def 2010/08/04 v1.0 logreq spec v1.0
)) (c:/Users/user/AppData/Roaming/TinyTeX/texmf-dist/tex/latex/base/ifthen.sty
Package: ifthen 2022/04/13 v1.1d Standard LaTeX ifthen package (DPC)
)
\c@tabx@nest=\count308
\c@listtotal=\count309
\c@listcount=\count310
\c@liststart=\count311
\c@liststop=\count312
\c@citecount=\count313
\c@citetotal=\count314
\c@multicitecount=\count315
\c@multicitetotal=\count316
\c@instcount=\count317
\c@maxnames=\count318
\c@minnames=\count319
\c@maxitems=\count320
\c@minitems=\count321
\c@citecounter=\count322
\c@maxcitecounter=\count323
\c@savedcitecounter=\count324
\c@uniquelist=\count325
\c@uniquename=\count326
\c@refsection=\count327
\c@refsegment=\count328
\c@maxextratitle=\count329
\c@maxextratitleyear=\count330
\c@maxextraname=\count331
\c@maxextradate=\count332
\c@maxextraalpha=\count333
\c@abbrvpenalty=\count334
\c@highnamepenalty=\count335
\c@lownamepenalty=\count336
\c@maxparens=\count337
\c@parenlevel=\count338
\blx@tempcnta=\count339
\blx@tempcntb=\count340
\blx@tempcntc=\count341
\c@blx@maxsection=\count342
\blx@maxsegment@0=\count343
\blx@notetype=\count344
\blx@parenlevel@text=\count345
\blx@parenlevel@foot=\count346
\blx@sectionciteorder@0=\count347
\blx@sectionciteorderinternal@0=\count348
\blx@entrysetcounter=\count349
\blx@biblioinstance=\count350
\labelnumberwidth=\skip67
\labelalphawidth=\skip68
\biblabelsep=\skip69
\bibitemsep=\skip70
\bibnamesep=\skip71
\bibinitsep=\skip72
\bibparsep=\skip73
\bibhang=\skip74
\blx@bcfin=\read3
\blx@bcfout=\write3
\blx@langwohyphens=\language7
\c@mincomprange=\count351
\c@maxcomprange=\count352
\c@mincompwidth=\count353
Package biblatex Info: Trying to load biblatex default data model...
Package biblatex Info: ... file 'blx-dm.def' found.
(c:/Users/user/AppData/Roaming/TinyTeX/texmf-dist/tex/latex/biblatex/blx-dm.def
File: blx-dm.def 2024/03/21 v3.20 biblatex datamodel (PK/MW)
)
Package biblatex Info: Trying to load biblatex style data model...
Package biblatex Info: ... file 'authoryear.dbx' not found.
Package biblatex Info: Trying to load biblatex custom data model...
Package biblatex Info: ... file 'biblatex-dm.cfg' not found.
\c@afterword=\count354
\c@savedafterword=\count355
\c@annotator=\count356
\c@savedannotator=\count357
\c@author=\count358
\c@savedauthor=\count359
\c@bookauthor=\count360
\c@savedbookauthor=\count361
\c@commentator=\count362
\c@savedcommentator=\count363
\c@editor=\count364
\c@savededitor=\count365
\c@editora=\count366
\c@savededitora=\count367
\c@editorb=\count368
\c@savededitorb=\count369
\c@editorc=\count370
\c@savededitorc=\count371
\c@foreword=\count372
\c@savedforeword=\count373
\c@holder=\count374
\c@savedholder=\count375
\c@introduction=\count376
\c@savedintroduction=\count377
\c@namea=\count378
\c@savednamea=\count379
\c@nameb=\count380
\c@savednameb=\count381
\c@namec=\count382
\c@savednamec=\count383
\c@translator=\count384
\c@savedtranslator=\count385
\c@shortauthor=\count386
\c@savedshortauthor=\count387
\c@shorteditor=\count388
\c@savedshorteditor=\count389
\c@labelname=\count390
\c@savedlabelname=\count391
\c@institution=\count392
\c@savedinstitution=\count393
\c@lista=\count394
\c@savedlista=\count395
\c@listb=\count396
\c@savedlistb=\count397
\c@listc=\count398
\c@savedlistc=\count399
\c@listd=\count400
\c@savedlistd=\count401
\c@liste=\count402
\c@savedliste=\count403
\c@listf=\count404
\c@savedlistf=\count405
\c@location=\count406
\c@savedlocation=\count407
\c@organization=\count408
\c@savedorganization=\count409
\c@origlocation=\count410
\c@savedoriglocation=\count411
\c@origpublisher=\count412
\c@savedorigpublisher=\count413
\c@publisher=\count414
\c@savedpublisher=\count415
\c@language=\count416
\c@savedlanguage=\count417
\c@origlanguage=\count418
\c@savedoriglanguage=\count419
\c@pageref=\count420
\c@savedpageref=\count421
\shorthandwidth=\skip75
\shortjournalwidth=\skip76
\shortserieswidth=\skip77
\shorttitlewidth=\skip78
\shortauthorwidth=\skip79
\shorteditorwidth=\skip80
\locallabelnumberwidth=\skip81
\locallabelalphawidth=\skip82
\localshorthandwidth=\skip83
\localshortjournalwidth=\skip84
\localshortserieswidth=\skip85
\localshorttitlewidth=\skip86
\localshortauthorwidth=\skip87
\localshorteditorwidth=\skip88
Package biblatex Info: Trying to load compatibility code...
Package biblatex Info: ... file 'blx-compat.def' found.
(c:/Users/user/AppData/Roaming/TinyTeX/texmf-dist/tex/latex/biblatex/blx-compat.def
File: blx-compat.def 2024/03/21 v3.20 biblatex compatibility (PK/MW)
)
Package biblatex Info: Trying to load generic definitions...
Package biblatex Info: ... file 'biblatex.def' found.
(c:/Users/user/AppData/Roaming/TinyTeX/texmf-dist/tex/latex/biblatex/biblatex.def
File: biblatex.def 2024/03/21 v3.20 biblatex compatibility (PK/MW)
\c@textcitecount=\count422
\c@textcitetotal=\count423
\c@textcitemaxnames=\count424
\c@biburlbigbreakpenalty=\count425
\c@biburlbreakpenalty=\count426
\c@biburlnumpenalty=\count427
\c@biburlucpenalty=\count428
\c@biburllcpenalty=\count429
\biburlbigskip=\muskip17
\biburlnumskip=\muskip18
\biburlucskip=\muskip19
\biburllcskip=\muskip20
\c@smartand=\count430
)
Package biblatex Info: Trying to load natbib compatibility...
Package biblatex Info: ... file 'blx-natbib.def' found.
(c:/Users/user/AppData/Roaming/TinyTeX/texmf-dist/tex/latex/biblatex/blx-natbib.def
File: blx-natbib.def 2024/03/21 v3.20 biblatex compatibility (PK/MW)
Package biblatex Info: Delimiter 'nameyeardelim' in context '' already defined, overwriting.
)
Package biblatex Info: Trying to load bibliography style 'authoryear'...
Package biblatex Info: ... file 'authoryear.bbx' found.
(c:/Users/user/AppData/Roaming/TinyTeX/texmf-dist/tex/latex/biblatex/bbx/authoryear.bbx
File: authoryear.bbx 2024/03/21 v3.20 biblatex bibliography style (PK/MW)
Package biblatex Info: Trying to load bibliography style 'standard'...
Package biblatex Info: ... file 'standard.bbx' found.
(c:/Users/user/AppData/Roaming/TinyTeX/texmf-dist/tex/latex/biblatex/bbx/standard.bbx
File: standard.bbx 2024/03/21 v3.20 biblatex bibliography style (PK/MW)
\c@bbx:relatedcount=\count431
\c@bbx:relatedtotal=\count432
))
Package biblatex Info: Trying to load citation style 'authoryear'...
Package biblatex Info: ... file 'authoryear.cbx' found.
(c:/Users/user/AppData/Roaming/TinyTeX/texmf-dist/tex/latex/biblatex/cbx/authoryear.cbx
File: authoryear.cbx 2024/03/21 v3.20 biblatex citation style (PK/MW)
Package biblatex Info: Redefining '\cite'.
Package biblatex Info: Redefining '\parencite'.
Package biblatex Info: Redefining '\footcite'.
Package biblatex Info: Redefining '\footcitetext'.
Package biblatex Info: Redefining '\smartcite'.
Package biblatex Info: Redefining '\textcite'.
Package biblatex Info: Redefining '\textcites'.
)
Package biblatex Info: Trying to load configuration file...
Package biblatex Info: ... file 'biblatex.cfg' found.
(c:/Users/user/AppData/Roaming/TinyTeX/texmf-dist/tex/latex/biblatex/biblatex.cfg
File: biblatex.cfg 
)
Package biblatex Info: Input encoding 'utf8' detected.
Package biblatex Info: Document encoding is UTF8 ....
Package biblatex Info: ... and expl3
(biblatex)             2024-03-14 L3 programming layer (loader) 
(biblatex)             is new enough (at least 2020/04/06),
(biblatex)             setting 'casechanger=expl3'.
(c:/Users/user/AppData/Roaming/TinyTeX/texmf-dist/tex/latex/biblatex/blx-case-expl3.sty
Package: blx-case-expl3 2024/03/21 v3.20 expl3 case changing code for biblatex
)) (c:/Users/user/AppData/Roaming/TinyTeX/texmf-dist/tex/latex/xurl/xurl.sty
Package: xurl 2022/01/09 v 0.10 modify URL breaks
xurl: Set penalties for biblatex
) (c:/Users/user/AppData/Roaming/TinyTeX/texmf-dist/tex/latex/csquotes/csquotes.sty
Package: csquotes 2024-04-04 v5.2o context-sensitive quotations (JAW)
\csq@reset=\count433
\csq@gtype=\count434
\csq@glevel=\count435
\csq@qlevel=\count436
\csq@maxlvl=\count437
\csq@tshold=\count438
\csq@ltx@everypar=\toks24
(c:/Users/user/AppData/Roaming/TinyTeX/texmf-dist/tex/latex/csquotes/csquotes.def
File: csquotes.def 2024-04-04 v5.2o csquotes generic definitions (JAW)
)
Package csquotes Info: Trying to load configuration file 'csquotes.cfg'...
Package csquotes Info: ... configuration file loaded successfully.
(c:/Users/user/AppData/Roaming/TinyTeX/texmf-dist/tex/latex/csquotes/csquotes.cfg
File: csquotes.cfg 
)
Package csquotes Info: Enabling multilingual quotes.
)
\csllabelwidth=\skip89
\cslhangindent=\skip90
(c:/Users/user/AppData/Roaming/TinyTeX/texmf-dist/tex/latex/tools/calc.sty
Package: calc 2023/07/08 v4.3 Infix arithmetic (KKT,FJ)
\calc@Acount=\count439
\calc@Bcount=\count440
\calc@Adimen=\dimen186
\calc@Bdimen=\dimen187
\calc@Askip=\skip91
\calc@Bskip=\skip92
LaTeX Info: Redefining \setlength on input line 80.
LaTeX Info: Redefining \addtolength on input line 81.
\calc@Ccount=\count441
\calc@Cskip=\skip93
) (c:/Users/user/AppData/Roaming/TinyTeX/texmf-dist/tex/latex/parskip/parskip.sty
Package: parskip 2021-03-14 v2.0h non-zero parskip adjustments
) (c:/Users/user/AppData/Roaming/TinyTeX/texmf-dist/tex/latex/acro/acro.sty (c:/Users/user/AppData/Roaming/TinyTeX/texmf-dist/tex/latex/l3packages/l3keys2e/l3keys2e.sty
Package: l3keys2e 2024-03-14 LaTeX2e option processing using LaTeX3 keys
)
Package: acro 2022/04/01 v3.8 typeset acronyms and other abbreviations (CN)
\l__acro_tmpa_int=\count442
\l__acro_tmpb_int=\count443
\l__acro_tmpc_int=\count444
\l__acro_tmpd_int=\count445
Loading module `base' ...
Loading module `interface' ...
Loading module `aux' ...
Loading module `properties' ...
Loading module `acronyms' ...
Loading module `formatting' ...
Loading module `ppfixes' ...
Loading module `tools' ...
\l__acro_minimal_usage_int=\count446
\l__acro_nest_int=\count447
\g_acro_barrier_int=\count448
\g_acro_barrier_total_int=\count449
Loading module `commands' ...
\l_acro_nest_level_int=\count450
Loading module `templates' ...
Loading module `list' ...
Loading module `pages' ...
\l__acro_pages_seq_threshold_int=\count451
Loading module `locale' ...
Loading module `pdfsupport' ...
Loading module `patch' ...
Loading module `definitions' ...
Loading module `upgrade' ...
)
\c@g@acro@est@int=\count452
\c@g@acro@Xl@int=\count453
\c@g@acro@Xg@int=\count454
(c:/Users/user/AppData/Roaming/TinyTeX/texmf-dist/tex/latex/tools/xspace.sty
Package: xspace 2014/10/28 v1.13 Space after command names (DPC,MH)
) (c:/Users/user/AppData/Roaming/TinyTeX/texmf-dist/tex/latex/pgfplots/pgfplotstable.sty (c:/Users/user/AppData/Roaming/TinyTeX/texmf-dist/tex/generic/pgfplots/pgfplots.revision.tex)
Package: pgfplotstable 2021/05/15 v1.18.1 Table typesetting and Pretty-printing (1.18.1)
(c:/Users/user/AppData/Roaming/TinyTeX/texmf-dist/tex/latex/pgfplots/pgfplots.sty (c:/Users/user/AppData/Roaming/TinyTeX/texmf-dist/tex/generic/pgfplots/pgfplots.revision.tex)
Package: pgfplots 2021/05/15 v1.18.1 Data Visualization (1.18.1)
(c:/Users/user/AppData/Roaming/TinyTeX/texmf-dist/tex/latex/pgf/frontendlayer/tikz.sty (c:/Users/user/AppData/Roaming/TinyTeX/texmf-dist/tex/latex/pgf/basiclayer/pgf.sty (c:/Users/user/AppData/Roaming/TinyTeX/texmf-dist/tex/latex/pgf/utilities/pgfrcs.sty (c:/Users/user/AppData/Roaming/TinyTeX/texmf-dist/tex/generic/pgf/utilities/pgfutil-common.tex
\pgfutil@everybye=\toks25
\pgfutil@tempdima=\dimen188
\pgfutil@tempdimb=\dimen189
) (c:/Users/user/AppData/Roaming/TinyTeX/texmf-dist/tex/generic/pgf/utilities/pgfutil-latex.def
\pgfutil@abb=\box67
) (c:/Users/user/AppData/Roaming/TinyTeX/texmf-dist/tex/generic/pgf/utilities/pgfrcs.code.tex (c:/Users/user/AppData/Roaming/TinyTeX/texmf-dist/tex/generic/pgf/pgf.revision.tex)
Package: pgfrcs 2023-01-15 v3.1.10 (3.1.10)
))
Package: pgf 2023-01-15 v3.1.10 (3.1.10)
(c:/Users/user/AppData/Roaming/TinyTeX/texmf-dist/tex/latex/pgf/basiclayer/pgfcore.sty (c:/Users/user/AppData/Roaming/TinyTeX/texmf-dist/tex/latex/pgf/systemlayer/pgfsys.sty (c:/Users/user/AppData/Roaming/TinyTeX/texmf-dist/tex/generic/pgf/systemlayer/pgfsys.code.tex
Package: pgfsys 2023-01-15 v3.1.10 (3.1.10)
(c:/Users/user/AppData/Roaming/TinyTeX/texmf-dist/tex/generic/pgf/utilities/pgfkeys.code.tex
\pgfkeys@pathtoks=\toks26
\pgfkeys@temptoks=\toks27
(c:/Users/user/AppData/Roaming/TinyTeX/texmf-dist/tex/generic/pgf/utilities/pgfkeyslibraryfiltered.code.tex
\pgfkeys@tmptoks=\toks28
))
\pgf@x=\dimen190
\pgf@y=\dimen191
\pgf@xa=\dimen192
\pgf@ya=\dimen193
\pgf@xb=\dimen194
\pgf@yb=\dimen195
\pgf@xc=\dimen196
\pgf@yc=\dimen197
\pgf@xd=\dimen198
\pgf@yd=\dimen199
\w@pgf@writea=\write4
\r@pgf@reada=\read4
\c@pgf@counta=\count455
\c@pgf@countb=\count456
\c@pgf@countc=\count457
\c@pgf@countd=\count458
\t@pgf@toka=\toks29
\t@pgf@tokb=\toks30
\t@pgf@tokc=\toks31
\pgf@sys@id@count=\count459
(c:/Users/user/AppData/Roaming/TinyTeX/texmf-dist/tex/generic/pgf/systemlayer/pgf.cfg
File: pgf.cfg 2023-01-15 v3.1.10 (3.1.10)
)
Driver file for pgf: pgfsys-pdftex.def
(c:/Users/user/AppData/Roaming/TinyTeX/texmf-dist/tex/generic/pgf/systemlayer/pgfsys-pdftex.def
File: pgfsys-pdftex.def 2023-01-15 v3.1.10 (3.1.10)
(c:/Users/user/AppData/Roaming/TinyTeX/texmf-dist/tex/generic/pgf/systemlayer/pgfsys-common-pdf.def
File: pgfsys-common-pdf.def 2023-01-15 v3.1.10 (3.1.10)
))) (c:/Users/user/AppData/Roaming/TinyTeX/texmf-dist/tex/generic/pgf/systemlayer/pgfsyssoftpath.code.tex
File: pgfsyssoftpath.code.tex 2023-01-15 v3.1.10 (3.1.10)
\pgfsyssoftpath@smallbuffer@items=\count460
\pgfsyssoftpath@bigbuffer@items=\count461
) (c:/Users/user/AppData/Roaming/TinyTeX/texmf-dist/tex/generic/pgf/systemlayer/pgfsysprotocol.code.tex
File: pgfsysprotocol.code.tex 2023-01-15 v3.1.10 (3.1.10)
)) (c:/Users/user/AppData/Roaming/TinyTeX/texmf-dist/tex/latex/xcolor/xcolor.sty
Package: xcolor 2023/11/15 v3.01 LaTeX color extensions (UK)
(c:/Users/user/AppData/Roaming/TinyTeX/texmf-dist/tex/latex/graphics-cfg/color.cfg
File: color.cfg 2016/01/02 v1.6 sample color configuration
)
Package xcolor Info: Driver file: pdftex.def on input line 274.
(c:/Users/user/AppData/Roaming/TinyTeX/texmf-dist/tex/latex/graphics/mathcolor.ltx)
Package xcolor Info: Model `cmy' substituted by `cmy0' on input line 1350.
Package xcolor Info: Model `hsb' substituted by `rgb' on input line 1354.
Package xcolor Info: Model `RGB' extended on input line 1366.
Package xcolor Info: Model `HTML' substituted by `rgb' on input line 1368.
Package xcolor Info: Model `Hsb' substituted by `hsb' on input line 1369.
Package xcolor Info: Model `tHsb' substituted by `hsb' on input line 1370.
Package xcolor Info: Model `HSB' substituted by `hsb' on input line 1371.
Package xcolor Info: Model `Gray' substituted by `gray' on input line 1372.
Package xcolor Info: Model `wave' substituted by `hsb' on input line 1373.
) (c:/Users/user/AppData/Roaming/TinyTeX/texmf-dist/tex/generic/pgf/basiclayer/pgfcore.code.tex
Package: pgfcore 2023-01-15 v3.1.10 (3.1.10)
(c:/Users/user/AppData/Roaming/TinyTeX/texmf-dist/tex/generic/pgf/math/pgfmath.code.tex (c:/Users/user/AppData/Roaming/TinyTeX/texmf-dist/tex/generic/pgf/math/pgfmathutil.code.tex) (c:/Users/user/AppData/Roaming/TinyTeX/texmf-dist/tex/generic/pgf/math/pgfmathparser.code.tex
\pgfmath@dimen=\dimen256
\pgfmath@count=\count462
\pgfmath@box=\box68
\pgfmath@toks=\toks32
\pgfmath@stack@operand=\toks33
\pgfmath@stack@operation=\toks34
) (c:/Users/user/AppData/Roaming/TinyTeX/texmf-dist/tex/generic/pgf/math/pgfmathfunctions.code.tex) (c:/Users/user/AppData/Roaming/TinyTeX/texmf-dist/tex/generic/pgf/math/pgfmathfunctions.basic.code.tex) (c:/Users/user/AppData/Roaming/TinyTeX/texmf-dist/tex/generic/pgf/math/pgfmathfunctions.trigonometric.code.tex) (c:/Users/user/AppData/Roaming/TinyTeX/texmf-dist/tex/generic/pgf/math/pgfmathfunctions.random.code.tex) (c:/Users/user/AppData/Roaming/TinyTeX/texmf-dist/tex/generic/pgf/math/pgfmathfunctions.comparison.code.tex) (c:/Users/user/AppData/Roaming/TinyTeX/texmf-dist/tex/generic/pgf/math/pgfmathfunctions.base.code.tex) (c:/Users/user/AppData/Roaming/TinyTeX/texmf-dist/tex/generic/pgf/math/pgfmathfunctions.round.code.tex) (c:/Users/user/AppData/Roaming/TinyTeX/texmf-dist/tex/generic/pgf/math/pgfmathfunctions.misc.code.tex) (c:/Users/user/AppData/Roaming/TinyTeX/texmf-dist/tex/generic/pgf/math/pgfmathfunctions.integerarithmetics.code.tex) (c:/Users/user/AppData/Roaming/TinyTeX/texmf-dist/tex/generic/pgf/math/pgfmathcalc.code.tex) (c:/Users/user/AppData/Roaming/TinyTeX/texmf-dist/tex/generic/pgf/math/pgfmathfloat.code.tex
\c@pgfmathroundto@lastzeros=\count463
)) (c:/Users/user/AppData/Roaming/TinyTeX/texmf-dist/tex/generic/pgf/math/pgfint.code.tex) (c:/Users/user/AppData/Roaming/TinyTeX/texmf-dist/tex/generic/pgf/basiclayer/pgfcorepoints.code.tex
File: pgfcorepoints.code.tex 2023-01-15 v3.1.10 (3.1.10)
\pgf@picminx=\dimen257
\pgf@picmaxx=\dimen258
\pgf@picminy=\dimen259
\pgf@picmaxy=\dimen260
\pgf@pathminx=\dimen261
\pgf@pathmaxx=\dimen262
\pgf@pathminy=\dimen263
\pgf@pathmaxy=\dimen264
\pgf@xx=\dimen265
\pgf@xy=\dimen266
\pgf@yx=\dimen267
\pgf@yy=\dimen268
\pgf@zx=\dimen269
\pgf@zy=\dimen270
) (c:/Users/user/AppData/Roaming/TinyTeX/texmf-dist/tex/generic/pgf/basiclayer/pgfcorepathconstruct.code.tex
File: pgfcorepathconstruct.code.tex 2023-01-15 v3.1.10 (3.1.10)
\pgf@path@lastx=\dimen271
\pgf@path@lasty=\dimen272
) (c:/Users/user/AppData/Roaming/TinyTeX/texmf-dist/tex/generic/pgf/basiclayer/pgfcorepathusage.code.tex
File: pgfcorepathusage.code.tex 2023-01-15 v3.1.10 (3.1.10)
\pgf@shorten@end@additional=\dimen273
\pgf@shorten@start@additional=\dimen274
) (c:/Users/user/AppData/Roaming/TinyTeX/texmf-dist/tex/generic/pgf/basiclayer/pgfcorescopes.code.tex
File: pgfcorescopes.code.tex 2023-01-15 v3.1.10 (3.1.10)
\pgfpic=\box69
\pgf@hbox=\box70
\pgf@layerbox@main=\box71
\pgf@picture@serial@count=\count464
) (c:/Users/user/AppData/Roaming/TinyTeX/texmf-dist/tex/generic/pgf/basiclayer/pgfcoregraphicstate.code.tex
File: pgfcoregraphicstate.code.tex 2023-01-15 v3.1.10 (3.1.10)
\pgflinewidth=\dimen275
) (c:/Users/user/AppData/Roaming/TinyTeX/texmf-dist/tex/generic/pgf/basiclayer/pgfcoretransformations.code.tex
File: pgfcoretransformations.code.tex 2023-01-15 v3.1.10 (3.1.10)
\pgf@pt@x=\dimen276
\pgf@pt@y=\dimen277
\pgf@pt@temp=\dimen278
) (c:/Users/user/AppData/Roaming/TinyTeX/texmf-dist/tex/generic/pgf/basiclayer/pgfcorequick.code.tex
File: pgfcorequick.code.tex 2023-01-15 v3.1.10 (3.1.10)
) (c:/Users/user/AppData/Roaming/TinyTeX/texmf-dist/tex/generic/pgf/basiclayer/pgfcoreobjects.code.tex
File: pgfcoreobjects.code.tex 2023-01-15 v3.1.10 (3.1.10)
) (c:/Users/user/AppData/Roaming/TinyTeX/texmf-dist/tex/generic/pgf/basiclayer/pgfcorepathprocessing.code.tex
File: pgfcorepathprocessing.code.tex 2023-01-15 v3.1.10 (3.1.10)
) (c:/Users/user/AppData/Roaming/TinyTeX/texmf-dist/tex/generic/pgf/basiclayer/pgfcorearrows.code.tex
File: pgfcorearrows.code.tex 2023-01-15 v3.1.10 (3.1.10)
\pgfarrowsep=\dimen279
) (c:/Users/user/AppData/Roaming/TinyTeX/texmf-dist/tex/generic/pgf/basiclayer/pgfcoreshade.code.tex
File: pgfcoreshade.code.tex 2023-01-15 v3.1.10 (3.1.10)
\pgf@max=\dimen280
\pgf@sys@shading@range@num=\count465
\pgf@shadingcount=\count466
) (c:/Users/user/AppData/Roaming/TinyTeX/texmf-dist/tex/generic/pgf/basiclayer/pgfcoreimage.code.tex
File: pgfcoreimage.code.tex 2023-01-15 v3.1.10 (3.1.10)
) (c:/Users/user/AppData/Roaming/TinyTeX/texmf-dist/tex/generic/pgf/basiclayer/pgfcoreexternal.code.tex
File: pgfcoreexternal.code.tex 2023-01-15 v3.1.10 (3.1.10)
\pgfexternal@startupbox=\box72
) (c:/Users/user/AppData/Roaming/TinyTeX/texmf-dist/tex/generic/pgf/basiclayer/pgfcorelayers.code.tex
File: pgfcorelayers.code.tex 2023-01-15 v3.1.10 (3.1.10)
) (c:/Users/user/AppData/Roaming/TinyTeX/texmf-dist/tex/generic/pgf/basiclayer/pgfcoretransparency.code.tex
File: pgfcoretransparency.code.tex 2023-01-15 v3.1.10 (3.1.10)
) (c:/Users/user/AppData/Roaming/TinyTeX/texmf-dist/tex/generic/pgf/basiclayer/pgfcorepatterns.code.tex
File: pgfcorepatterns.code.tex 2023-01-15 v3.1.10 (3.1.10)
) (c:/Users/user/AppData/Roaming/TinyTeX/texmf-dist/tex/generic/pgf/basiclayer/pgfcorerdf.code.tex
File: pgfcorerdf.code.tex 2023-01-15 v3.1.10 (3.1.10)
))) (c:/Users/user/AppData/Roaming/TinyTeX/texmf-dist/tex/generic/pgf/modules/pgfmoduleshapes.code.tex
File: pgfmoduleshapes.code.tex 2023-01-15 v3.1.10 (3.1.10)
\pgfnodeparttextbox=\box73
) (c:/Users/user/AppData/Roaming/TinyTeX/texmf-dist/tex/generic/pgf/modules/pgfmoduleplot.code.tex
File: pgfmoduleplot.code.tex 2023-01-15 v3.1.10 (3.1.10)
) (c:/Users/user/AppData/Roaming/TinyTeX/texmf-dist/tex/latex/pgf/compatibility/pgfcomp-version-0-65.sty
Package: pgfcomp-version-0-65 2023-01-15 v3.1.10 (3.1.10)
\pgf@nodesepstart=\dimen281
\pgf@nodesepend=\dimen282
) (c:/Users/user/AppData/Roaming/TinyTeX/texmf-dist/tex/latex/pgf/compatibility/pgfcomp-version-1-18.sty
Package: pgfcomp-version-1-18 2023-01-15 v3.1.10 (3.1.10)
)) (c:/Users/user/AppData/Roaming/TinyTeX/texmf-dist/tex/latex/pgf/utilities/pgffor.sty (c:/Users/user/AppData/Roaming/TinyTeX/texmf-dist/tex/latex/pgf/utilities/pgfkeys.sty (c:/Users/user/AppData/Roaming/TinyTeX/texmf-dist/tex/generic/pgf/utilities/pgfkeys.code.tex)) (c:/Users/user/AppData/Roaming/TinyTeX/texmf-dist/tex/latex/pgf/math/pgfmath.sty (c:/Users/user/AppData/Roaming/TinyTeX/texmf-dist/tex/generic/pgf/math/pgfmath.code.tex)) (c:/Users/user/AppData/Roaming/TinyTeX/texmf-dist/tex/generic/pgf/utilities/pgffor.code.tex
Package: pgffor 2023-01-15 v3.1.10 (3.1.10)
\pgffor@iter=\dimen283
\pgffor@skip=\dimen284
\pgffor@stack=\toks35
\pgffor@toks=\toks36
)) (c:/Users/user/AppData/Roaming/TinyTeX/texmf-dist/tex/generic/pgf/frontendlayer/tikz/tikz.code.tex
Package: tikz 2023-01-15 v3.1.10 (3.1.10)
(c:/Users/user/AppData/Roaming/TinyTeX/texmf-dist/tex/generic/pgf/libraries/pgflibraryplothandlers.code.tex
File: pgflibraryplothandlers.code.tex 2023-01-15 v3.1.10 (3.1.10)
\pgf@plot@mark@count=\count467
\pgfplotmarksize=\dimen285
)
\tikz@lastx=\dimen286
\tikz@lasty=\dimen287
\tikz@lastxsaved=\dimen288
\tikz@lastysaved=\dimen289
\tikz@lastmovetox=\dimen290
\tikz@lastmovetoy=\dimen291
\tikzleveldistance=\dimen292
\tikzsiblingdistance=\dimen293
\tikz@figbox=\box74
\tikz@figbox@bg=\box75
\tikz@tempbox=\box76
\tikz@tempbox@bg=\box77
\tikztreelevel=\count468
\tikznumberofchildren=\count469
\tikznumberofcurrentchild=\count470
\tikz@fig@count=\count471
(c:/Users/user/AppData/Roaming/TinyTeX/texmf-dist/tex/generic/pgf/modules/pgfmodulematrix.code.tex
File: pgfmodulematrix.code.tex 2023-01-15 v3.1.10 (3.1.10)
\pgfmatrixcurrentrow=\count472
\pgfmatrixcurrentcolumn=\count473
\pgf@matrix@numberofcolumns=\count474
)
\tikz@expandcount=\count475
(c:/Users/user/AppData/Roaming/TinyTeX/texmf-dist/tex/generic/pgf/frontendlayer/tikz/libraries/tikzlibrarytopaths.code.tex
File: tikzlibrarytopaths.code.tex 2023-01-15 v3.1.10 (3.1.10)
))) (c:/Users/user/AppData/Roaming/TinyTeX/texmf-dist/tex/generic/pgfplots/pgfplots.code.tex (c:/Users/user/AppData/Roaming/TinyTeX/texmf-dist/tex/generic/pgfplots/pgfplotscore.code.tex
\t@pgfplots@toka=\toks37
\t@pgfplots@tokb=\toks38
\t@pgfplots@tokc=\toks39
\pgfplots@tmpa=\dimen294
\c@pgfplots@coordindex=\count476
\c@pgfplots@scanlineindex=\count477
(c:/Users/user/AppData/Roaming/TinyTeX/texmf-dist/tex/generic/pgfplots/sys/pgfplotssysgeneric.code.tex)) (c:/Users/user/AppData/Roaming/TinyTeX/texmf-dist/tex/generic/pgfplots/libs/pgfplotslibrary.code.tex) (c:/Users/user/AppData/Roaming/TinyTeX/texmf-dist/tex/generic/pgfplots/oldpgfcompatib/pgfplotsoldpgfsupp_loader.code.tex (c:/Users/user/AppData/Roaming/TinyTeX/texmf-dist/tex/generic/pgf/libraries/pgflibraryfpu.code.tex)
Package pgfplots: loading complementary utilities for your pgf version...
\t@pgf@toka=\toks40
\t@pgf@tokb=\toks41
\t@pgf@tokc=\toks42
(c:/Users/user/AppData/Roaming/TinyTeX/texmf-dist/tex/generic/pgfplots/oldpgfcompatib/pgfplotsoldpgfsupp_pgfutil-common-lists.tex)) (c:/Users/user/AppData/Roaming/TinyTeX/texmf-dist/tex/generic/pgfplots/util/pgfplotsutil.code.tex (c:/Users/user/AppData/Roaming/TinyTeX/texmf-dist/tex/generic/pgfplots/liststructure/pgfplotsliststructure.code.tex) (c:/Users/user/AppData/Roaming/TinyTeX/texmf-dist/tex/generic/pgfplots/liststructure/pgfplotsliststructureext.code.tex) (c:/Users/user/AppData/Roaming/TinyTeX/texmf-dist/tex/generic/pgfplots/liststructure/pgfplotsarray.code.tex
\c@pgfplotsarray@tmp=\count478
) (c:/Users/user/AppData/Roaming/TinyTeX/texmf-dist/tex/generic/pgfplots/liststructure/pgfplotsmatrix.code.tex) (c:/Users/user/AppData/Roaming/TinyTeX/texmf-dist/tex/generic/pgfplots/numtable/pgfplotstableshared.code.tex
\c@pgfplotstable@counta=\count479
\t@pgfplotstable@a=\toks43
) (c:/Users/user/AppData/Roaming/TinyTeX/texmf-dist/tex/generic/pgfplots/liststructure/pgfplotsdeque.code.tex) (c:/Users/user/AppData/Roaming/TinyTeX/texmf-dist/tex/generic/pgfplots/util/pgfplotsbinary.code.tex (c:/Users/user/AppData/Roaming/TinyTeX/texmf-dist/tex/generic/pgfplots/util/pgfplotsbinary.data.code.tex)) (c:/Users/user/AppData/Roaming/TinyTeX/texmf-dist/tex/generic/pgfplots/util/pgfplotsutil.verb.code.tex) (c:/Users/user/AppData/Roaming/TinyTeX/texmf-dist/tex/generic/pgfplots/libs/pgflibrarypgfplots.surfshading.code.tex
\c@pgfplotslibrarysurf@no=\count480
(c:/Users/user/AppData/Roaming/TinyTeX/texmf-dist/tex/generic/pgfplots/sys/pgflibrarypgfplots.surfshading.pgfsys-pdftex.def))) (c:/Users/user/AppData/Roaming/TinyTeX/texmf-dist/tex/generic/pgfplots/util/pgfplotscolormap.code.tex (c:/Users/user/AppData/Roaming/TinyTeX/texmf-dist/tex/generic/pgfplots/util/pgfplotscolor.code.tex)) (c:/Users/user/AppData/Roaming/TinyTeX/texmf-dist/tex/generic/pgfplots/pgfplotsstackedplots.code.tex) (c:/Users/user/AppData/Roaming/TinyTeX/texmf-dist/tex/generic/pgfplots/pgfplotsplothandlers.code.tex (c:/Users/user/AppData/Roaming/TinyTeX/texmf-dist/tex/generic/pgfplots/pgfplotsmeshplothandler.code.tex (c:/Users/user/AppData/Roaming/TinyTeX/texmf-dist/tex/generic/pgfplots/pgfplotsmeshplotimage.code.tex))) (c:/Users/user/AppData/Roaming/TinyTeX/texmf-dist/tex/generic/pgfplots/pgfplots.scaling.code.tex) (c:/Users/user/AppData/Roaming/TinyTeX/texmf-dist/tex/generic/pgfplots/pgfplotscoordprocessing.code.tex) (c:/Users/user/AppData/Roaming/TinyTeX/texmf-dist/tex/generic/pgfplots/pgfplots.errorbars.code.tex) (c:/Users/user/AppData/Roaming/TinyTeX/texmf-dist/tex/generic/pgfplots/pgfplots.markers.code.tex) (c:/Users/user/AppData/Roaming/TinyTeX/texmf-dist/tex/generic/pgfplots/pgfplotsticks.code.tex) (c:/Users/user/AppData/Roaming/TinyTeX/texmf-dist/tex/generic/pgfplots/pgfplots.paths.code.tex) (c:/Users/user/AppData/Roaming/TinyTeX/texmf-dist/tex/generic/pgf/frontendlayer/tikz/libraries/tikzlibrarydecorations.code.tex (c:/Users/user/AppData/Roaming/TinyTeX/texmf-dist/tex/generic/pgf/modules/pgfmoduledecorations.code.tex
\pgfdecoratedcompleteddistance=\dimen295
\pgfdecoratedremainingdistance=\dimen296
\pgfdecoratedinputsegmentcompleteddistance=\dimen297
\pgfdecoratedinputsegmentremainingdistance=\dimen298
\pgf@decorate@distancetomove=\dimen299
\pgf@decorate@repeatstate=\count481
\pgfdecorationsegmentamplitude=\dimen300
\pgfdecorationsegmentlength=\dimen301
)
\tikz@lib@dec@box=\box78
) (c:/Users/user/AppData/Roaming/TinyTeX/texmf-dist/tex/generic/pgf/frontendlayer/tikz/libraries/tikzlibrarydecorations.pathmorphing.code.tex (c:/Users/user/AppData/Roaming/TinyTeX/texmf-dist/tex/generic/pgf/libraries/decorations/pgflibrarydecorations.pathmorphing.code.tex)) (c:/Users/user/AppData/Roaming/TinyTeX/texmf-dist/tex/generic/pgf/frontendlayer/tikz/libraries/tikzlibrarydecorations.pathreplacing.code.tex (c:/Users/user/AppData/Roaming/TinyTeX/texmf-dist/tex/generic/pgf/libraries/decorations/pgflibrarydecorations.pathreplacing.code.tex)) (c:/Users/user/AppData/Roaming/TinyTeX/texmf-dist/tex/generic/pgfplots/libs/tikzlibrarypgfplots.contourlua.code.tex)
\pgfplots@numplots=\count482
\pgfplots@xmin@reg=\dimen302
\pgfplots@xmax@reg=\dimen303
\pgfplots@ymin@reg=\dimen304
\pgfplots@ymax@reg=\dimen305
\pgfplots@zmin@reg=\dimen306
\pgfplots@zmax@reg=\dimen307
) (c:/Users/user/AppData/Roaming/TinyTeX/texmf-dist/tex/generic/pgf/frontendlayer/tikz/libraries/tikzlibraryplotmarks.code.tex
File: tikzlibraryplotmarks.code.tex 2023-01-15 v3.1.10 (3.1.10)
(c:/Users/user/AppData/Roaming/TinyTeX/texmf-dist/tex/generic/pgf/libraries/pgflibraryplotmarks.code.tex
File: pgflibraryplotmarks.code.tex 2023-01-15 v3.1.10 (3.1.10)
))) (c:/Users/user/AppData/Roaming/TinyTeX/texmf-dist/tex/generic/pgfplots/numtable/pgfplotstable.code.tex (c:/Users/user/AppData/Roaming/TinyTeX/texmf-dist/tex/generic/pgfplots/numtable/pgfplotstable.coltype.code.tex)))
Package csquotes Info: Checking for multilingual support...
Package csquotes Info: ... found 'babel' package.
LaTeX Font Info:    Trying to load font information for T1+lmr on input line 220.
(c:/Users/user/AppData/Roaming/TinyTeX/texmf-dist/tex/latex/lm/t1lmr.fd
File: t1lmr.fd 2015/05/01 v1.6.1 Font defs for Latin Modern
)
No file thesis.aux.
\openout1 = `thesis.aux'.

LaTeX Font Info:    Checking defaults for OML/cmm/m/it on input line 220.
LaTeX Font Info:    ... okay on input line 220.
LaTeX Font Info:    Checking defaults for OMS/cmsy/m/n on input line 220.
LaTeX Font Info:    ... okay on input line 220.
LaTeX Font Info:    Checking defaults for OT1/cmr/m/n on input line 220.
LaTeX Font Info:    ... okay on input line 220.
LaTeX Font Info:    Checking defaults for T1/cmr/m/n on input line 220.
LaTeX Font Info:    ... okay on input line 220.
LaTeX Font Info:    Checking defaults for TS1/cmr/m/n on input line 220.
LaTeX Font Info:    ... okay on input line 220.
LaTeX Font Info:    Checking defaults for OMX/cmex/m/n on input line 220.
LaTeX Font Info:    ... okay on input line 220.
LaTeX Font Info:    Checking defaults for U/cmr/m/n on input line 220.
LaTeX Font Info:    ... okay on input line 220.
LaTeX Font Info:    Checking defaults for PD1/pdf/m/n on input line 220.
LaTeX Font Info:    ... okay on input line 220.
LaTeX Font Info:    Checking defaults for PU/pdf/m/n on input line 220.
LaTeX Font Info:    ... okay on input line 220.
(c:/Users/user/AppData/Roaming/TinyTeX/texmf-dist/tex/latex/epstopdf-pkg/epstopdf-base.sty
Package: epstopdf-base 2020-01-24 v2.11 Base part for package epstopdf
Package epstopdf-base Info: Redefining graphics rule for `.eps' on input line 485.
(c:/Users/user/AppData/Roaming/TinyTeX/texmf-dist/tex/latex/latexconfig/epstopdf-sys.cfg
File: epstopdf-sys.cfg 2010/07/13 v1.3 Configuration of (r)epstopdf for TeX Live
))
Package caption Info: Begin \AtBeginDocument code.
Package caption Info: hyperref package is loaded.
Package caption Info: End \AtBeginDocument code.
*geometry* driver: auto-detecting
*geometry* detected driver: pdftex
*geometry* verbose mode - [ preamble ] result:
* driver: pdftex
* paper: a4paper
* layout: <same size as paper>
* layoutoffset:(h,v)=(0.0pt,0.0pt)
* modes: includehead includefoot 
* h-part:(L,W,R)=(108.12054pt, 418.25545pt, 71.13188pt)
* v-part:(T,H,B)=(108.12054pt, 665.79442pt, 71.13188pt)
* \paperwidth=597.50787pt
* \paperheight=845.04684pt
* \textwidth=418.25545pt
* \textheight=600.26398pt
* \oddsidemargin=35.85056pt
* \evensidemargin=35.85056pt
* \topmargin=35.85056pt
* \headheight=25.2232pt
* \headsep=18.06749pt
* \topskip=11.0pt
* \footskip=27.46295pt
* \marginparwidth=62.0pt
* \marginparsep=7.0pt
* \columnsep=10.0pt
* \skip\footins=10.0pt plus 4.0pt minus 2.0pt
* \hoffset=0.0pt
* \voffset=0.0pt
* \mag=1000
* \@twocolumnfalse
* \@twosidefalse
* \@mparswitchfalse
* \@reversemarginfalse
* (1in=72.27pt=25.4mm, 1cm=28.453pt)

Package hyperref Info: Link coloring ON on input line 220.
\@outlinefile=\write5
\openout5 = `thesis.out'.

Package biblatex Info: Trying to load language 'nil'...
Package biblatex Info: ... file 'nil.lbx' not found.

Package biblatex Warning: Language 'nil' not supported.
(biblatex)                Using dummy definitions on input line 220.

Package biblatex Info: Input encoding 'utf8' detected.
Package biblatex Info: Automatic encoding selection.
(biblatex)             Assuming data encoding 'utf8'.
\openout3 = `thesis.bcf'.

Package biblatex Info: Trying to load bibliographic data...
Package biblatex Info: ... file 'thesis.bbl' not found.
No file thesis.bbl.
Package biblatex Info: Reference section=0 on input line 220.
Package biblatex Info: Reference segment=0 on input line 220.
Package pgfplots notification 'compat/show suggested version=true': you might benefit from \pgfplotsset{compat=1.18} (current compat level: 1.12).

[1


{c:/Users/user/AppData/Roaming/TinyTeX/texmf-var/fonts/map/pdftex/updmap/pdftex.map}{c:/Users/user/AppData/Roaming/TinyTeX/texmf-dist/fonts/enc/dvips/lm/lm-ec.enc}]
LaTeX Font Info:    Trying to load font information for TS1+lmr on input line 258.
(c:/Users/user/AppData/Roaming/TinyTeX/texmf-dist/tex/latex/lm/ts1lmr.fd
File: ts1lmr.fd 2015/05/01 v1.6.1 Font defs for Latin Modern
) [1

{c:/Users/user/AppData/Roaming/TinyTeX/texmf-dist/fonts/enc/dvips/lm/lm-ts1.enc}] [1

] [1



] [1



]

LaTeX Warning: Reference `lastoffront' on page ii undefined on input line 304.


LaTeX Warning: Reference `LastPage' on page ii undefined on input line 304.

[2


] [3

] [3

] [4


] [5] [5

]
--------------------
 Acknowledgements
--------------------

Underfull \hbox (badness 1377) in paragraph at lines 336--337
\T1/lmr/m/n/10.95 guidance, expertise, and invaluable mentorship have significantly influenced the
 []

[6



] [6

]
No file thesis.toc.
\tf@toc=\write6
\openout6 = `thesis.toc'.

[7



]
No file thesis.lof.
\tf@lof=\write7
\openout7 = `thesis.lof'.

[8

]
No file thesis.lot.
\tf@lot=\write8
\openout8 = `thesis.lot'.

[9

]
--------------------
 Declaration of Authorship
--------------------
[10

]
Underfull \hbox (badness 2384) in paragraph at lines 395--396
[]\T1/lmr/m/n/10.95 The necessity for active mobility extends beyond just the development of
 []

[1



]
Underfull \hbox (badness 1400) in paragraph at lines 400--401
\T1/lmr/m/n/10.95 metrics employed in active transportation research. The initial phase of this
 []

[2] [3] [4]
Chapter 1.
--------------------
 Master of Science-- Mahdis Moghadasi; McMaster University-- School of Earth, Environment and Society
--------------------
[5

]
Underfull \hbox (badness 1048) in paragraph at lines 424--425
\T1/lmr/m/n/10.95 based planning (S. L. Handy & Niemeier, 1997; Social Exclusion Unit, 2003).
 []

[6]
Underfull \hbox (badness 1048) in paragraph at lines 428--429
[]\T1/lmr/m/n/10.95 In principle, accessibility analysis is versatile enough to be applied to ATB
 []

[7]
Underfull \hbox (badness 1028) in paragraph at lines 436--437
\T1/lmr/m/n/10.95 planning aims to ensure that all individuals have reasonable travel times to a
 []

[8]
Underfull \hbox (badness 2111) in paragraph at lines 440--441
[]\T1/lmr/m/n/10.95 Location-based accessibility offers a notable advantage in terms of ease of
 []

[9]

LaTeX Warning: Reference `eq:accessibility' on page 10 undefined on input line 442.


Underfull \hbox (badness 1297) in paragraph at lines 442--443
[]\T1/lmr/m/n/10.95 In contrast, place-based accessibility, which does not fully address temporal
 []

LaTeX Font Info:    Trying to load font information for OT1+lmr on input line 444.
(c:/Users/user/AppData/Roaming/TinyTeX/texmf-dist/tex/latex/lm/ot1lmr.fd
File: ot1lmr.fd 2015/05/01 v1.6.1 Font defs for Latin Modern
)
LaTeX Font Info:    Trying to load font information for OML+lmm on input line 444.
(c:/Users/user/AppData/Roaming/TinyTeX/texmf-dist/tex/latex/lm/omllmm.fd
File: omllmm.fd 2015/05/01 v1.6.1 Font defs for Latin Modern
)
LaTeX Font Info:    Trying to load font information for OMS+lmsy on input line 444.
(c:/Users/user/AppData/Roaming/TinyTeX/texmf-dist/tex/latex/lm/omslmsy.fd
File: omslmsy.fd 2015/05/01 v1.6.1 Font defs for Latin Modern
)
LaTeX Font Info:    Trying to load font information for OMX+lmex on input line 444.
(c:/Users/user/AppData/Roaming/TinyTeX/texmf-dist/tex/latex/lm/omxlmex.fd
File: omxlmex.fd 2015/05/01 v1.6.1 Font defs for Latin Modern
)
LaTeX Font Info:    External font `lmex10' loaded for size
(Font)              <10.95> on input line 444.
LaTeX Font Info:    External font `lmex10' loaded for size
(Font)              <8> on input line 444.
LaTeX Font Info:    External font `lmex10' loaded for size
(Font)              <6> on input line 444.

LaTeX Warning: Reference `eq:opportunities-function' on page 10 undefined on input line 449.


LaTeX Warning: Reference `eq:agglomeration-effects' on page 10 undefined on input line 455.

[10{c:/Users/user/AppData/Roaming/TinyTeX/texmf-dist/fonts/enc/dvips/lm/lm-mathit.enc}{c:/Users/user/AppData/Roaming/TinyTeX/texmf-dist/fonts/enc/dvips/lm/lm-rm.enc}{c:/Users/user/AppData/Roaming/TinyTeX/texmf-dist/fonts/enc/dvips/lm/lm-mathex.enc}]

LaTeX Warning: Reference `eq:decay-functions-cumulative-opportunities' on page 11 undefined on input line 464.


LaTeX Warning: Reference `eq:exponential-distance-decay' on page 11 undefined on input line 470.


Underfull \hbox (badness 2269) in paragraph at lines 477--478
[]\T1/lmr/m/n/10.95 Generally, proximity plays a significant role in determining preferences for
 []


Underfull \hbox (badness 2384) in paragraph at lines 488--490
[]\T1/lmr/m/n/10.95 Time constraints: Time-saving considerations can impact accessibility as
 []

[11{c:/Users/user/AppData/Roaming/TinyTeX/texmf-dist/fonts/enc/dvips/lm/lm-mathsy.enc}]
Underfull \hbox (badness 3460) in paragraph at lines 495--496
\T1/lmr/m/n/10.95 activity-based, distance-based, topological or infrastructure-based, utility-based,
 []

[12] [13]

LaTeX Warning: Reference `eq:gravity-measures' on page 14 undefined on input line 514.


LaTeX Warning: Reference `eq:gravity-measures' on page 14 undefined on input line 521.

[14]

LaTeX Warning: Reference `eq:gravity-measures' on page 15 undefined on input line 523.


LaTeX Warning: Reference `eq:binary' on page 15 undefined on input line 523.


LaTeX Warning: Reference `eq:binary' on page 15 undefined on input line 530.


Underfull \hbox (badness 1264) in paragraph at lines 540--541
[]\T1/lmr/m/n/10.95 In distance-based accessibility measures, distance is considered as the travel
 []

[15]

LaTeX Warning: Reference `eq:distance-based-accessibility' on page 16 undefined on input line 542.


LaTeX Warning: Reference `eq:distance-based-accessibility' on page 16 undefined on input line 549.


LaTeX Warning: Reference `eq:distance-based-measure' on page 16 undefined on input line 549.


LaTeX Warning: Reference `eq:distance-based-measure' on page 16 undefined on input line 556.


Underfull \hbox (badness 1067) in paragraph at lines 560--561
\T1/lmr/m/n/10.95 Topological-based measures consider accessibility in terms of the street network
 []

[16]

LaTeX Warning: Reference `eq:utility-based-measure' on page 17 undefined on input line 570.


LaTeX Warning: Reference `eq:utility-based-measure' on page 17 undefined on input line 577.


LaTeX Warning: Reference `eq:maximum-utility' on page 17 undefined on input line 579.


LaTeX Warning: Reference `eq:Accessibility-maximum-utility' on page 17 undefined on input line 586.

[17]

LaTeX Warning: Reference `tab:Ch02-make-table-01' on page 18 undefined on input line 593.


LaTeX Warning: Reference `tab:Ch02-make-table-02' on page 18 undefined on input line 593.

[18] [19]

LaTeX Warning: Reference `tab:ch02-make-table-03' on page 20 undefined on input line 625.

[20


] [21

] [22] [23] [24] [25] [26] [27]
Underfull \hbox (badness 1502) in paragraph at lines 690--692
[]\T1/lmr/m/n/10.95 Explicit polygon features created around specific trajectories of individual
 []


LaTeX Warning: Reference `tab:ch02-make-table-04' on page 28 undefined on input line 692.

[28

] [29

] [30] [31] [32] [33] [34]
Underfull \hbox (badness 1024) in paragraph at lines 727--728
\T1/lmr/m/n/10.95 information services, and communication infrastructures. The collected data is
 []

[35

]

LaTeX Warning: Reference `tab:ch02-make-table-05' on page 36 undefined on input line 740.


LaTeX Warning: Reference `tab:ch02-make-table-05' on page 36 undefined on input line 740.


LaTeX Warning: Reference `tab:ch02-make-table-05' on page 36 undefined on input line 740.

[36]
Overfull \hbox (3.13248pt too wide) in paragraph at lines 747--747
 []|\T1/lmr/bx/n/10 Data/Methods| 
 []


Overfull \hbox (15.17378pt too wide) in paragraph at lines 752--752
\T1/lmr/m/n/10 origins/destinations 
 []

[37

] [38] [39]
Underfull \hbox (badness 1112) in paragraph at lines 762--762
[]\T1/lmr/bx/n/14.4 Assessing Data Availability and Requirements for
 []

<figure/ch02-Fig-01.jpg, id=303, 639.1077pt x 385.44pt>
File: figure/ch02-Fig-01.jpg Graphic file (type jpg)
<use figure/ch02-Fig-01.jpg>
Package pdftex.def Info: figure/ch02-Fig-01.jpg  used on input line 770.
(pdftex.def)             Requested size: 418.25545pt x 252.25038pt.
[40

] [41 <./figure/ch02-Fig-01.jpg>]
LaTeX Font Info:    External font `lmex10' loaded for size
(Font)              <10> on input line 813.
LaTeX Font Info:    External font `lmex10' loaded for size
(Font)              <7> on input line 813.
LaTeX Font Info:    External font `lmex10' loaded for size
(Font)              <5> on input line 813.

Overfull \hbox (44.53589pt too wide) in paragraph at lines 813--833
 [][] 
 []

[42] [43]
Underfull \hbox (badness 1478) in paragraph at lines 847--848
[]\T1/lmr/m/n/10.95 The Montreal OD (Origin-Destination) survey is a large-scale cross-sectional
 []


Underfull \hbox (badness 1142) in paragraph at lines 847--848
\T1/lmr/m/n/10.95 household travel survey conducted every five years since 1970 in the Montreal
 []

[44]
Underfull \hbox (badness 1845) in paragraph at lines 857--858
\T1/lmr/m/n/10.95 information on travel behavior, including trip purpose (such as work, school,
 []


Underfull \hbox (badness 2173) in paragraph at lines 857--858
\T1/lmr/m/n/10.95 recreational/social/entertainment, home, work business trip, shopping, personal
 []

[45] [46] [47]
Underfull \hbox (badness 1052) in paragraph at lines 911--912
\T1/lmr/m/n/10.95 programs. The data have been made available to the public. They can be
 []

[48]
Underfull \hbox (badness 2035) in paragraph at lines 931--932
[]\T1/lmr/m/n/10.95 The 2018 survey was a household-based survey that collected demographic
 []

[49] [50] [51]
Underfull \hbox (badness 2469) in paragraph at lines 964--965
\T1/lmr/m/n/10.95 for each trip, the purpose of the trip (work, post-secondary school, school,
 []

[52]
Underfull \hbox (badness 1527) in paragraph at lines 987--989
\T1/lmr/m/n/10.95 and their households, as captured by the Survey, including age, gender,
 []

[53] [54] [55

] [56] [57] [58] [59

] [60] [61] [62]
Underfull \hbox (badness 1603) in paragraph at lines 1288--1289
[]\T1/lmr/m/n/10.95 Educational Institutions: This dataset provides information regarding the
 []

[63] [64]
Underfull \hbox (badness 2080) in paragraph at lines 1384--1386
[]\T1/lmr/m/n/10.95 Outdoor Recreation Equipment: Points representation of HRM-owned or
 []

[65] [66] [67]

LaTeX Warning: Reference `tab:ch02-make-table-08' on page 68 undefined on input line 1511.

[68]

LaTeX Warning: Reference `tab:ch02-make-table-09' on page 69 undefined on input line 1550.

[69] [70

] [71] [72]

LaTeX Warning: Reference `fig:initiative' on page 73 undefined on input line 1588.


LaTeX Warning: Reference `fig:ch02-plot-fig-02' on page 73 undefined on input line 1590.

<figure/ch02-Fig-02.jpg, id=468, 462.97969pt x 335.00156pt>
File: figure/ch02-Fig-02.jpg Graphic file (type jpg)
<use figure/ch02-Fig-02.jpg>
Package pdftex.def Info: figure/ch02-Fig-02.jpg  used on input line 1594.
(pdftex.def)             Requested size: 418.25545pt x 302.64363pt.
[73

] [74 <./figure/ch02-Fig-02.jpg>]

LaTeX Warning: Reference `eq:slope' on page 75 undefined on input line 1607.


Underfull \hbox (badness 1881) in paragraph at lines 1607--1608
[]\T1/lmr/m/n/10.95 Lundberg (2012) examined the local cycling and walking networks through
 []

[75]

LaTeX Warning: Reference `tab:ch02-make-table-10' on page 76 undefined on input line 1614.

[76]

LaTeX Warning: Reference `eq:modified-formula' on page 77 undefined on input line 1639.


LaTeX Warning: Reference `tab:ch02-make-table-11' on page 77 undefined on input line 1646.


LaTeX Warning: Reference `eq:calculating-the-slope-from-the-vertical-and-horizontal-displacements' on page 77 undefined on input line 1669.


LaTeX Warning: Reference `eq:slope-linked-to-speed-via-formula' on page 77 undefined on input line 1676.

[77]

LaTeX Warning: Reference `eq:amount-of-speed' on page 78 undefined on input line 1683.


LaTeX Warning: Reference `fig:ch02-plot-fig-03' on page 78 undefined on input line 1690.


LaTeX Warning: Reference `fig:ch02-plot-fig-03' on page 78 undefined on input line 1690.

<figure/ch02-Fig-03.jpg, id=498, 248.78787pt x 385.65318pt>
File: figure/ch02-Fig-03.jpg Graphic file (type jpg)
<use figure/ch02-Fig-03.jpg>
Package pdftex.def Info: figure/ch02-Fig-03.jpg  used on input line 1694.
(pdftex.def)             Requested size: 418.25545pt x 648.36366pt.

LaTeX Warning: Float too large for page by 106.09969pt on input line 1699.

[78] [79 <./figure/ch02-Fig-03.jpg>] [80] [81]
<figure/ch02-Fig-04.png, id=524, 1909.1325pt x 2161.57562pt>
File: figure/ch02-Fig-04.png Graphic file (type png)
<use figure/ch02-Fig-04.png>
Package pdftex.def Info: figure/ch02-Fig-04.png  used on input line 1757.
(pdftex.def)             Requested size: 418.25545pt x 473.53615pt.

LaTeX Warning: Reference `fig:ch02-plot-fig-04' on page 82 undefined on input line 1764.


Underfull \hbox (badness 1226) in paragraph at lines 1764--1774
\T1/lmr/m/n/10.95 particularly walking and cycling modes. The flowchart is designed through a
 []


Underfull \hbox (badness 1281) in paragraph at lines 1764--1774
\T1/lmr/m/n/10.95 The starting point questions whether the organization has previously used the
 []


Underfull \hbox (badness 1019) in paragraph at lines 1764--1774
\T1/lmr/m/n/10.95 analyzed, and whether analyses consider different traveler capabilities, reflecting
 []

[82] [83 <./figure/ch02-Fig-04.png>]
Chapter 2.
--------------------
 Master of Science-- Mahdis Moghadasi; McMaster University-- School of Earth, Environment and Society
--------------------
[84

] [85] [86] [87] [88]

LaTeX Warning: Reference `eq:gen' on page 89 undefined on input line 1810.


Underfull \hbox (badness 1127) in paragraph at lines 1810--1811
[]\T1/lmr/m/n/10.95 Research demonstrates that two primary types of accessibility indicators are
 []

[89] [90]
Underfull \hbox (badness 2790) in paragraph at lines 1829--1830
\T1/lmr/m/n/10.95 regarding the non-linear nature of inverse distance-decay functions in human
 []

[91]

LaTeX Warning: Reference `eq:inverse' on page 92 undefined on input line 1841.

[92]

LaTeX Warning: Reference `eq:negative-exponential' on page 93 undefined on input line 1860.


LaTeX Warning: Reference `eq:modified-gaussian' on page 93 undefined on input line 1875.


LaTeX Warning: Reference `eq:logarithmic-normal' on page 93 undefined on input line 1890.

[93]

LaTeX Warning: Reference `eq:cumulative-rectan' on page 94 undefined on input line 1905.


LaTeX Warning: Reference `eq:cumulative-linear' on page 94 undefined on input line 1924.


LaTeX Warning: Reference `eq:gamma-imped' on page 94 undefined on input line 1943.


LaTeX Warning: Reference `eq:log-logistic-decay-functions' on page 94 undefined on input line 1953.

[94]

LaTeX Warning: Reference `eq:beta-functions' on page 95 undefined on input line 1968.


LaTeX Warning: Reference `eq:beta-functions' on page 95 undefined on input line 1970.


LaTeX Warning: Reference `eq:poisson-functions' on page 95 undefined on input line 1983.


LaTeX Warning: Reference `eq:poisson-functions' on page 95 undefined on input line 1983.


LaTeX Warning: Reference `eq:weibull-functions' on page 95 undefined on input line 1993.

[95] [96] [97] [98]

LaTeX Warning: Reference `tab:ch03-table-01' on page 99 undefined on input line 2023.

[99]

LaTeX Warning: Reference `tab:ch03-table-01' on page 100 undefined on input line 2029.


Overfull \hbox (10.4746pt too wide) in paragraph at lines 2038--2038
 []|\T1/lmr/bx/n/6 Mode*| 
 []


Overfull \hbox (4.64558pt too wide) in paragraph at lines 2038--2038
 []|\T1/lmr/bx/n/6 Min*| 
 []


Overfull \hbox (6.0886pt too wide) in paragraph at lines 2038--2038
 []|\T1/lmr/bx/n/6 Med*| 
 []


Overfull \hbox (6.1081pt too wide) in paragraph at lines 2038--2038
 []|\T1/lmr/bx/n/6 Max*| 
 []


Overfull \hbox (1.9276pt too wide) in paragraph at lines 2038--2038
 []|\T1/lmr/bx/n/6 Med| 
 []


Overfull \hbox (1.9471pt too wide) in paragraph at lines 2038--2038
 []|\T1/lmr/bx/n/6 Max| 
 []


Overfull \hbox (1.9276pt too wide) in paragraph at lines 2038--2038
 []|\T1/lmr/bx/n/6 Med| 
 []


Overfull \hbox (1.9471pt too wide) in paragraph at lines 2038--2038
 []|\T1/lmr/bx/n/6 Max| 
 []


Overfull \hbox (11.98405pt too wide) in paragraph at lines 2041--2041
 []|\T1/lmr/m/n/6 Walking| 
 []


Overfull \hbox (8.13403pt too wide) in paragraph at lines 2044--2044
 []|\T1/lmr/m/n/6 cycling| 
 []


Overfull \hbox (10.4746pt too wide) in paragraph at lines 2058--2058
 []|\T1/lmr/bx/n/6 Mode*| 
 []


Overfull \hbox (4.64558pt too wide) in paragraph at lines 2058--2058
 []|\T1/lmr/bx/n/6 Min*| 
 []


Overfull \hbox (6.0886pt too wide) in paragraph at lines 2058--2058
 []|\T1/lmr/bx/n/6 Med*| 
 []


Overfull \hbox (6.1081pt too wide) in paragraph at lines 2058--2058
 []|\T1/lmr/bx/n/6 Max*| 
 []


Overfull \hbox (1.9276pt too wide) in paragraph at lines 2058--2058
 []|\T1/lmr/bx/n/6 Med| 
 []


Overfull \hbox (1.9471pt too wide) in paragraph at lines 2058--2058
 []|\T1/lmr/bx/n/6 Max| 
 []


Overfull \hbox (1.9276pt too wide) in paragraph at lines 2058--2058
 []|\T1/lmr/bx/n/6 Med| 
 []


Overfull \hbox (1.9471pt too wide) in paragraph at lines 2058--2058
 []|\T1/lmr/bx/n/6 Max| 
 []


Overfull \hbox (11.98405pt too wide) in paragraph at lines 2061--2061
 []|\T1/lmr/m/n/6 Walking| 
 []


Overfull \hbox (8.13403pt too wide) in paragraph at lines 2074--2074
 []|\T1/lmr/m/n/6 cycling| 
 []

[100]

LaTeX Warning: Reference `tab:ch03-table-02' on page 101 undefined on input line 2089.


LaTeX Warning: Reference `tab:ch03-table-03' on page 101 undefined on input line 2089.


LaTeX Warning: Reference `tab:ch03-table-02' on page 101 undefined on input line 2091.

[101] [102] [103] [104]
<figure/ch03_fig_01.jpg, id=650, 5119.125pt x 6624.75pt>
File: figure/ch03_fig_01.jpg Graphic file (type jpg)
<use figure/ch03_fig_01.jpg>
Package pdftex.def Info: figure/ch03_fig_01.jpg  used on input line 2123.
(pdftex.def)             Requested size: 418.25545pt x 541.21132pt.
<figure/ch03_fig_02.jpg, id=651, 5119.125pt x 6624.75pt>
File: figure/ch03_fig_02.jpg Graphic file (type jpg)
<use figure/ch03_fig_02.jpg>
Package pdftex.def Info: figure/ch03_fig_02.jpg  used on input line 2132.
(pdftex.def)             Requested size: 418.25545pt x 541.21132pt.
[105] [106 <./figure/ch03_fig_01.jpg>] [107 <./figure/ch03_fig_02.jpg>] [108]
Underfull \hbox (badness 1062) in paragraph at lines 2159--2160
[]\T1/lmr/m/n/10.95 A methodical statistical approach was adopted to determine the appropriate
 []

[109]

LaTeX Warning: Reference `tab:ch03-table-04' on page 110 undefined on input line 2163.


LaTeX Warning: Reference `tab:ch03-table-05' on page 110 undefined on input line 2163.


LaTeX Warning: Reference `tab:ch03-table-07' on page 110 undefined on input line 2163.


LaTeX Warning: Reference `tab:ch03-table-08' on page 110 undefined on input line 2163.

LaTeX Font Info:    External font `lmex10' loaded for size
(Font)              <12> on input line 2170.
LaTeX Font Info:    External font `lmex10' loaded for size
(Font)              <9> on input line 2222.

LaTeX Warning: Float too large for page by 3.97156pt on input line 2281.


LaTeX Warning: Float too large for page by 68.97156pt on input line 2355.

LaTeX Font Info:    Calculating math sizes for size <11> on input line 2362.
LaTeX Font Info:    External font `lmex10' loaded for size
(Font)              <11> on input line 2362.
LaTeX Font Info:    External font `lmex10' loaded for size
(Font)              <7.69997> on input line 2362.
LaTeX Font Info:    External font `lmex10' loaded for size
(Font)              <5.5> on input line 2362.

LaTeX Warning: Float too large for page by 11.56528pt on input line 2458.


LaTeX Warning: Float too large for page by 94.56528pt on input line 2524.

[110] [111] [112] [113] [114] [115] [116]
<figure/ch03_fig_03.jpg, id=714, 2559.5625pt x 3312.375pt>
File: figure/ch03_fig_03.jpg Graphic file (type jpg)
<use figure/ch03_fig_03.jpg>
Package pdftex.def Info: figure/ch03_fig_03.jpg  used on input line 2534.
(pdftex.def)             Requested size: 418.25545pt x 541.26186pt.

LaTeX Warning: Reference `fig:ch03-plot-fig-03' on page 117 undefined on input line 2541.


LaTeX Warning: Reference `fig:ch03-plot-fig-03' on page 117 undefined on input line 2543.

[117] [118 <./figure/ch03_fig_03.jpg>]
<figure/ch03_fig_04.jpg, id=724, 2559.5625pt x 3312.375pt>
File: figure/ch03_fig_04.jpg Graphic file (type jpg)
<use figure/ch03_fig_04.jpg>
Package pdftex.def Info: figure/ch03_fig_04.jpg  used on input line 2547.
(pdftex.def)             Requested size: 418.25545pt x 541.26186pt.

LaTeX Warning: Reference `fig:ch03-plot-fig-04' on page 119 undefined on input line 2554.


LaTeX Warning: Reference `fig:ch03-plot-fig-04' on page 119 undefined on input line 2556.

<figure/ch03_fig_05.jpg, id=725, 2559.5625pt x 3312.375pt>
File: figure/ch03_fig_05.jpg Graphic file (type jpg)
<use figure/ch03_fig_05.jpg>
Package pdftex.def Info: figure/ch03_fig_05.jpg  used on input line 2560.
(pdftex.def)             Requested size: 418.25545pt x 541.26186pt.

LaTeX Warning: Reference `fig:ch03-plot-fig-05' on page 119 undefined on input line 2567.


LaTeX Warning: Reference `fig:ch03-plot-fig-05' on page 119 undefined on input line 2568.

[119] [120 <./figure/ch03_fig_04.jpg>] [121 <./figure/ch03_fig_05.jpg>]
<figure/ch03_fig_06.jpg, id=740, 2559.5625pt x 3312.375pt>
File: figure/ch03_fig_06.jpg Graphic file (type jpg)
<use figure/ch03_fig_06.jpg>
Package pdftex.def Info: figure/ch03_fig_06.jpg  used on input line 2572.
(pdftex.def)             Requested size: 418.25545pt x 541.26186pt.

LaTeX Warning: Reference `fig:ch03-plot-fig-06' on page 122 undefined on input line 2579.


LaTeX Warning: Reference `fig:ch03-plot-fig-06' on page 122 undefined on input line 2579.


LaTeX Warning: Reference `fig:ch03-plot-fig-06' on page 122 undefined on input line 2579.


LaTeX Warning: Reference `fig:ch03-plot-fig-06' on page 122 undefined on input line 2581.

<figure/ch03_fig_07.jpg, id=741, 2559.5625pt x 3312.375pt>
File: figure/ch03_fig_07.jpg Graphic file (type jpg)
<use figure/ch03_fig_07.jpg>
Package pdftex.def Info: figure/ch03_fig_07.jpg  used on input line 2586.
(pdftex.def)             Requested size: 418.25545pt x 541.26186pt.

LaTeX Warning: Reference `fig:ch03-plot-fig-07' on page 122 undefined on input line 2593.


LaTeX Warning: Reference `fig:ch03-plot-fig-07' on page 122 undefined on input line 2593.

[122] [123 <./figure/ch03_fig_06.jpg>] [124 <./figure/ch03_fig_07.jpg>]
<figure/ch03_fig_08.jpg, id=757, 2559.5625pt x 3312.375pt>
File: figure/ch03_fig_08.jpg Graphic file (type jpg)
<use figure/ch03_fig_08.jpg>
Package pdftex.def Info: figure/ch03_fig_08.jpg  used on input line 2597.
(pdftex.def)             Requested size: 418.25545pt x 541.26186pt.

LaTeX Warning: Reference `fig:ch03-plot-fig-08' on page 125 undefined on input line 2604.


LaTeX Warning: Reference `fig:ch03-plot-fig-08' on page 125 undefined on input line 2604.

<figure/ch03_fig_09.jpg, id=758, 2559.5625pt x 3312.375pt>
File: figure/ch03_fig_09.jpg Graphic file (type jpg)
<use figure/ch03_fig_09.jpg>
Package pdftex.def Info: figure/ch03_fig_09.jpg  used on input line 2607.
(pdftex.def)             Requested size: 418.25545pt x 541.26186pt.

LaTeX Warning: Reference `fig:ch03-plot-fig-09' on page 125 undefined on input line 2610.

[125] [126 <./figure/ch03_fig_08.jpg>] [127 <./figure/ch03_fig_09.jpg>]
<figure/ch03_fig_10.jpg, id=773, 2559.5625pt x 3312.375pt>
File: figure/ch03_fig_10.jpg Graphic file (type jpg)
<use figure/ch03_fig_10.jpg>
Package pdftex.def Info: figure/ch03_fig_10.jpg  used on input line 2613.
(pdftex.def)             Requested size: 418.25545pt x 541.26186pt.

LaTeX Warning: Reference `fig:ch03-plot-fig-10' on page 128 undefined on input line 2616.


LaTeX Warning: Reference `fig:ch03-plot-fig-12' on page 128 undefined on input line 2618.


LaTeX Warning: Reference `fig:ch03-plot-fig-14' on page 128 undefined on input line 2618.

<figure/ch03_fig_11.jpg, id=774, 2559.5625pt x 3312.375pt>
File: figure/ch03_fig_11.jpg Graphic file (type jpg)
<use figure/ch03_fig_11.jpg>
Package pdftex.def Info: figure/ch03_fig_11.jpg  used on input line 2620.
(pdftex.def)             Requested size: 418.25545pt x 541.26186pt.
[128] [129 <./figure/ch03_fig_10.jpg>]
<figure/ch03_fig_12.jpg, id=785, 2559.5625pt x 3312.375pt>
File: figure/ch03_fig_12.jpg Graphic file (type jpg)
<use figure/ch03_fig_12.jpg>
Package pdftex.def Info: figure/ch03_fig_12.jpg  used on input line 2624.
(pdftex.def)             Requested size: 418.25545pt x 541.26186pt.

LaTeX Warning: Reference `fig:ch03-plot-fig-12' on page 130 undefined on input line 2631.

[130 <./figure/ch03_fig_11.jpg>] [131 <./figure/ch03_fig_12.jpg>]
<figure/ch03_fig_13.jpg, id=795, 2559.5625pt x 3312.375pt>
File: figure/ch03_fig_13.jpg Graphic file (type jpg)
<use figure/ch03_fig_13.jpg>
Package pdftex.def Info: figure/ch03_fig_13.jpg  used on input line 2635.
(pdftex.def)             Requested size: 418.25545pt x 541.26186pt.
[132]
<figure/ch03_fig_14.jpg, id=800, 2559.5625pt x 3312.375pt>
File: figure/ch03_fig_14.jpg Graphic file (type jpg)
<use figure/ch03_fig_14.jpg>
Package pdftex.def Info: figure/ch03_fig_14.jpg  used on input line 2639.
(pdftex.def)             Requested size: 418.25545pt x 541.26186pt.

LaTeX Warning: Reference `fig:ch03-plot-fig-14' on page 133 undefined on input line 2646.

[133 <./figure/ch03_fig_13.jpg>] [134 <./figure/ch03_fig_14.jpg>] [135] [136] [137

]

! LaTeX Error: Lonely \item--perhaps a missing list environment.

See the LaTeX manual or LaTeX Companion for explanation.
Type  H <return>  for immediate help.
 ...                                              
                                                  
l.2684 ...citeproctext]{ref-achuthan2007measuring}
                                                   
Here is how much of TeX's memory you used:
 48004 strings out of 476063
 1149440 string characters out of 5791200
 2094375 words of memory out of 5000000
 69206 multiletter control sequences out of 15000+600000
 689319 words of font info for 106 fonts, out of 8000000 for 9000
 14 hyphenation exceptions out of 8191
 115i,12n,121p,4297b,1193s stack positions out of 10000i,1000n,20000p,200000b,200000s

!  ==> Fatal error occurred, no output PDF file produced!
